here() starts at /n/home01/ctesta/2021/spatial_poisson_covid
This is cmdstanr version 0.3.0
- Online documentation and vignettes at mc-stan.org/cmdstanr
- CmdStan path set to: /n/home01/ctesta/.cmdstanr/cmdstan-2.26.1
- Use set_cmdstan_path() to change the path
── Attaching packages ─────────────────────────────────────── tidyverse 1.3.0 ──
✔ tibble  3.1.0     ✔ dplyr   1.0.5
✔ tidyr   1.1.3     ✔ stringr 1.4.0
✔ readr   1.4.0     ✔ forcats 0.5.1
✔ purrr   0.3.4     
── Conflicts ────────────────────────────────────────── tidyverse_conflicts() ──
✖ tidyr::extract()   masks magrittr::extract()
✖ dplyr::filter()    masks stats::filter()
✖ dplyr::lag()       masks stats::lag()
✖ purrr::set_names() masks magrittr::set_names()
Model executable is up to date!
127959 of 128000 (100.0%) transitions hit the maximum treedepth limit of 10 or 2^10-1 leapfrog steps.
Trajectories that are prematurely terminated due to this limit will result in slow exploration.
Increasing the max_treedepth limit can avoid this at the expense of more computation.
If increasing max_treedepth does not remove warnings, try to reparameterize the model.

Error in copy_temp_files(current_paths = current_files, new_dir = dir,  : 
  Assertion on 'new_dir' failed: Directory '/n/home01/ctesta/2021/spatial_poisson_covid/models/' does not exists.
Calls: <Anonymous> ... copy_temp_files -> <Anonymous> -> makeAssertion -> mstop
Execution halted
srun: error: holy2a09203: task 0: Exited with exit code 1
