Initial log joint probability = -3.14221e+08 
    Iter      log prob        ||dx||      ||grad||       alpha      alpha0  # evals  Notes  
Error evaluating model log probability: Non-finite gradient. 
Error evaluating model log probability: Non-finite gradient. 
Error evaluating model log probability: Non-finite gradient. 
      99        181126      0.653293       19660.2           1           1      152    
    Iter      log prob        ||dx||      ||grad||       alpha      alpha0  # evals  Notes  
     199        434137     0.0855651       5805.72      0.1586      0.1586      296    
    Iter      log prob        ||dx||      ||grad||       alpha      alpha0  # evals  Notes  
     299        439363     0.0942899       387.069           1           1      414    
    Iter      log prob        ||dx||      ||grad||       alpha      alpha0  # evals  Notes  
     399        439989      0.562658        1645.6           1           1      530    
    Iter      log prob        ||dx||      ||grad||       alpha      alpha0  # evals  Notes  
     499        440326     0.0305156       474.768      0.2191      0.2191      650    
    Iter      log prob        ||dx||      ||grad||       alpha      alpha0  # evals  Notes  
     599        440468     0.0285744       126.413       0.783       0.783      767    
    Iter      log prob        ||dx||      ||grad||       alpha      alpha0  # evals  Notes  
     699        440550      0.146564       203.286           1           1      889    
    Iter      log prob        ||dx||      ||grad||       alpha      alpha0  # evals  Notes  
     799        440598     0.0293445       292.879           1           1     1003    
    Iter      log prob        ||dx||      ||grad||       alpha      alpha0  # evals  Notes  
     899        440631     0.0410726       324.243      0.1878      0.1878     1127    
    Iter      log prob        ||dx||      ||grad||       alpha      alpha0  # evals  Notes  
     999        440664    0.00735136       84.9875      0.4841     0.04841     1253    
    Iter      log prob        ||dx||      ||grad||       alpha      alpha0  # evals  Notes  
    1099        440687    0.00382154       79.2509      0.4086      0.4086     1373    
    Iter      log prob        ||dx||      ||grad||       alpha      alpha0  # evals  Notes  
    1199        440693     0.0247245       90.5486           1           1     1487    
    Iter      log prob        ||dx||      ||grad||       alpha      alpha0  # evals  Notes  
    1299        440699    0.00178768       19.3177           1           1     1608    
    Iter      log prob        ||dx||      ||grad||       alpha      alpha0  # evals  Notes  
    1399        440702    0.00442479       78.1936      0.2144           1     1731    
    Iter      log prob        ||dx||      ||grad||       alpha      alpha0  # evals  Notes  
    1499        440708    0.00874973       49.5091           1           1     1857    
    Iter      log prob        ||dx||      ||grad||       alpha      alpha0  # evals  Notes  
    1599        440711    0.00322686        12.345      0.7337      0.7337     1978    
    Iter      log prob        ||dx||      ||grad||       alpha      alpha0  # evals  Notes  
    1699        440715      0.202492       33.4235           1           1     2098    
    Iter      log prob        ||dx||      ||grad||       alpha      alpha0  # evals  Notes  
    1799        440718    0.00585154       39.2863           1           1     2214    
    Iter      log prob        ||dx||      ||grad||       alpha      alpha0  # evals  Notes  
    1837        440718   0.000555492       11.3106           1           1     2260    
Optimization terminated normally:  
  Convergence detected: relative gradient magnitude is below tolerance 
Finished in  34.1 seconds.
Running MCMC with 4 parallel chains...

Chain 3 Iteration:     1 / 33500 [  0%]  (Warmup) 
Chain 1 Iteration:     1 / 33500 [  0%]  (Warmup) 
Chain 4 Iteration:     1 / 33500 [  0%]  (Warmup) 
Chain 2 Iteration:     1 / 33500 [  0%]  (Warmup) 
Chain 3 Iteration:   100 / 33500 [  0%]  (Warmup) 
Chain 1 Iteration:   100 / 33500 [  0%]  (Warmup) 
Chain 4 Iteration:   100 / 33500 [  0%]  (Warmup) 
Chain 2 Iteration:   100 / 33500 [  0%]  (Warmup) 
Chain 3 Iteration:   200 / 33500 [  0%]  (Warmup) 
Chain 4 Iteration:   200 / 33500 [  0%]  (Warmup) 
Chain 1 Iteration:   200 / 33500 [  0%]  (Warmup) 
Chain 3 Iteration:   300 / 33500 [  0%]  (Warmup) 
Chain 2 Iteration:   200 / 33500 [  0%]  (Warmup) 
Chain 4 Iteration:   300 / 33500 [  0%]  (Warmup) 
Chain 1 Iteration:   300 / 33500 [  0%]  (Warmup) 
Chain 3 Iteration:   400 / 33500 [  1%]  (Warmup) 
Chain 2 Iteration:   300 / 33500 [  0%]  (Warmup) 
Chain 4 Iteration:   400 / 33500 [  1%]  (Warmup) 
Chain 1 Iteration:   400 / 33500 [  1%]  (Warmup) 
Chain 4 Iteration:   500 / 33500 [  1%]  (Warmup) 
Chain 3 Iteration:   500 / 33500 [  1%]  (Warmup) 
Chain 2 Iteration:   400 / 33500 [  1%]  (Warmup) 
Chain 1 Iteration:   500 / 33500 [  1%]  (Warmup) 
Chain 3 Iteration:   600 / 33500 [  1%]  (Warmup) 
Chain 2 Iteration:   500 / 33500 [  1%]  (Warmup) 
Chain 4 Iteration:   600 / 33500 [  1%]  (Warmup) 
Chain 1 Iteration:   600 / 33500 [  1%]  (Warmup) 
Chain 3 Iteration:   700 / 33500 [  2%]  (Warmup) 
Chain 4 Iteration:   700 / 33500 [  2%]  (Warmup) 
Chain 2 Iteration:   600 / 33500 [  1%]  (Warmup) 
Chain 3 Iteration:   800 / 33500 [  2%]  (Warmup) 
Chain 1 Iteration:   700 / 33500 [  2%]  (Warmup) 
Chain 4 Iteration:   800 / 33500 [  2%]  (Warmup) 
Chain 2 Iteration:   700 / 33500 [  2%]  (Warmup) 
Chain 3 Iteration:   900 / 33500 [  2%]  (Warmup) 
Chain 1 Iteration:   800 / 33500 [  2%]  (Warmup) 
Chain 4 Iteration:   900 / 33500 [  2%]  (Warmup) 
Chain 3 Iteration:  1000 / 33500 [  2%]  (Warmup) 
Chain 2 Iteration:   800 / 33500 [  2%]  (Warmup) 
Chain 1 Iteration:   900 / 33500 [  2%]  (Warmup) 
Chain 4 Iteration:  1000 / 33500 [  2%]  (Warmup) 
Chain 3 Iteration:  1100 / 33500 [  3%]  (Warmup) 
Chain 1 Iteration:  1000 / 33500 [  2%]  (Warmup) 
Chain 2 Iteration:   900 / 33500 [  2%]  (Warmup) 
Chain 4 Iteration:  1100 / 33500 [  3%]  (Warmup) 
Chain 3 Iteration:  1200 / 33500 [  3%]  (Warmup) 
Chain 4 Iteration:  1200 / 33500 [  3%]  (Warmup) 
Chain 2 Iteration:  1000 / 33500 [  2%]  (Warmup) 
Chain 3 Iteration:  1300 / 33500 [  3%]  (Warmup) 
Chain 1 Iteration:  1100 / 33500 [  3%]  (Warmup) 
Chain 4 Iteration:  1300 / 33500 [  3%]  (Warmup) 
Chain 3 Iteration:  1400 / 33500 [  4%]  (Warmup) 
Chain 2 Iteration:  1100 / 33500 [  3%]  (Warmup) 
Chain 1 Iteration:  1200 / 33500 [  3%]  (Warmup) 
Chain 4 Iteration:  1400 / 33500 [  4%]  (Warmup) 
Chain 3 Iteration:  1500 / 33500 [  4%]  (Warmup) 
Chain 3 Iteration:  1501 / 33500 [  4%]  (Sampling) 
Chain 1 Iteration:  1300 / 33500 [  3%]  (Warmup) 
Chain 2 Iteration:  1200 / 33500 [  3%]  (Warmup) 
Chain 4 Iteration:  1500 / 33500 [  4%]  (Warmup) 
Chain 4 Iteration:  1501 / 33500 [  4%]  (Sampling) 
Chain 1 Iteration:  1400 / 33500 [  4%]  (Warmup) 
Chain 2 Iteration:  1300 / 33500 [  3%]  (Warmup) 
Chain 3 Iteration:  1600 / 33500 [  4%]  (Sampling) 
Chain 2 Iteration:  1400 / 33500 [  4%]  (Warmup) 
Chain 1 Iteration:  1500 / 33500 [  4%]  (Warmup) 
Chain 1 Iteration:  1501 / 33500 [  4%]  (Sampling) 
Chain 4 Iteration:  1600 / 33500 [  4%]  (Sampling) 
Chain 3 Iteration:  1700 / 33500 [  5%]  (Sampling) 
Chain 2 Iteration:  1500 / 33500 [  4%]  (Warmup) 
Chain 2 Iteration:  1501 / 33500 [  4%]  (Sampling) 
Chain 1 Iteration:  1600 / 33500 [  4%]  (Sampling) 
Chain 4 Iteration:  1700 / 33500 [  5%]  (Sampling) 
Chain 3 Iteration:  1800 / 33500 [  5%]  (Sampling) 
Chain 2 Iteration:  1600 / 33500 [  4%]  (Sampling) 
Chain 1 Iteration:  1700 / 33500 [  5%]  (Sampling) 
Chain 4 Iteration:  1800 / 33500 [  5%]  (Sampling) 
Chain 3 Iteration:  1900 / 33500 [  5%]  (Sampling) 
Chain 2 Iteration:  1700 / 33500 [  5%]  (Sampling) 
Chain 3 Iteration:  2000 / 33500 [  5%]  (Sampling) 
Chain 1 Iteration:  1800 / 33500 [  5%]  (Sampling) 
Chain 4 Iteration:  1900 / 33500 [  5%]  (Sampling) 
Chain 2 Iteration:  1800 / 33500 [  5%]  (Sampling) 
Chain 3 Iteration:  2100 / 33500 [  6%]  (Sampling) 
Chain 4 Iteration:  2000 / 33500 [  5%]  (Sampling) 
Chain 1 Iteration:  1900 / 33500 [  5%]  (Sampling) 
Chain 2 Iteration:  1900 / 33500 [  5%]  (Sampling) 
Chain 3 Iteration:  2200 / 33500 [  6%]  (Sampling) 
Chain 4 Iteration:  2100 / 33500 [  6%]  (Sampling) 
Chain 1 Iteration:  2000 / 33500 [  5%]  (Sampling) 
Chain 3 Iteration:  2300 / 33500 [  6%]  (Sampling) 
Chain 2 Iteration:  2000 / 33500 [  5%]  (Sampling) 
Chain 3 Iteration:  2400 / 33500 [  7%]  (Sampling) 
Chain 1 Iteration:  2100 / 33500 [  6%]  (Sampling) 
Chain 2 Iteration:  2100 / 33500 [  6%]  (Sampling) 
Chain 4 Iteration:  2200 / 33500 [  6%]  (Sampling) 
Chain 3 Iteration:  2500 / 33500 [  7%]  (Sampling) 
Chain 2 Iteration:  2200 / 33500 [  6%]  (Sampling) 
Chain 1 Iteration:  2200 / 33500 [  6%]  (Sampling) 
Chain 4 Iteration:  2300 / 33500 [  6%]  (Sampling) 
Chain 3 Iteration:  2600 / 33500 [  7%]  (Sampling) 
Chain 2 Iteration:  2300 / 33500 [  6%]  (Sampling) 
Chain 1 Iteration:  2300 / 33500 [  6%]  (Sampling) 
Chain 4 Iteration:  2400 / 33500 [  7%]  (Sampling) 
Chain 3 Iteration:  2700 / 33500 [  8%]  (Sampling) 
Chain 3 Iteration:  2800 / 33500 [  8%]  (Sampling) 
Chain 4 Iteration:  2500 / 33500 [  7%]  (Sampling) 
Chain 1 Iteration:  2400 / 33500 [  7%]  (Sampling) 
Chain 2 Iteration:  2400 / 33500 [  7%]  (Sampling) 
Chain 3 Iteration:  2900 / 33500 [  8%]  (Sampling) 
Chain 4 Iteration:  2600 / 33500 [  7%]  (Sampling) 
Chain 2 Iteration:  2500 / 33500 [  7%]  (Sampling) 
Chain 1 Iteration:  2500 / 33500 [  7%]  (Sampling) 
Chain 3 Iteration:  3000 / 33500 [  8%]  (Sampling) 
Chain 4 Iteration:  2700 / 33500 [  8%]  (Sampling) 
Chain 1 Iteration:  2600 / 33500 [  7%]  (Sampling) 
Chain 2 Iteration:  2600 / 33500 [  7%]  (Sampling) 
Chain 3 Iteration:  3100 / 33500 [  9%]  (Sampling) 
Chain 3 Iteration:  3200 / 33500 [  9%]  (Sampling) 
Chain 1 Iteration:  2700 / 33500 [  8%]  (Sampling) 
Chain 4 Iteration:  2800 / 33500 [  8%]  (Sampling) 
Chain 2 Iteration:  2700 / 33500 [  8%]  (Sampling) 
Chain 3 Iteration:  3300 / 33500 [  9%]  (Sampling) 
Chain 1 Iteration:  2800 / 33500 [  8%]  (Sampling) 
Chain 2 Iteration:  2800 / 33500 [  8%]  (Sampling) 
Chain 4 Iteration:  2900 / 33500 [  8%]  (Sampling) 
Chain 3 Iteration:  3400 / 33500 [ 10%]  (Sampling) 
Chain 1 Iteration:  2900 / 33500 [  8%]  (Sampling) 
Chain 2 Iteration:  2900 / 33500 [  8%]  (Sampling) 
Chain 3 Iteration:  3500 / 33500 [ 10%]  (Sampling) 
Chain 4 Iteration:  3000 / 33500 [  8%]  (Sampling) 
Chain 1 Iteration:  3000 / 33500 [  8%]  (Sampling) 
Chain 2 Iteration:  3000 / 33500 [  8%]  (Sampling) 
Chain 3 Iteration:  3600 / 33500 [ 10%]  (Sampling) 
Chain 4 Iteration:  3100 / 33500 [  9%]  (Sampling) 
Chain 3 Iteration:  3700 / 33500 [ 11%]  (Sampling) 
Chain 1 Iteration:  3100 / 33500 [  9%]  (Sampling) 
Chain 2 Iteration:  3100 / 33500 [  9%]  (Sampling) 
Chain 4 Iteration:  3200 / 33500 [  9%]  (Sampling) 
Chain 3 Iteration:  3800 / 33500 [ 11%]  (Sampling) 
Chain 1 Iteration:  3200 / 33500 [  9%]  (Sampling) 
Chain 4 Iteration:  3300 / 33500 [  9%]  (Sampling) 
Chain 2 Iteration:  3200 / 33500 [  9%]  (Sampling) 
Chain 3 Iteration:  3900 / 33500 [ 11%]  (Sampling) 
Chain 1 Iteration:  3300 / 33500 [  9%]  (Sampling) 
Chain 3 Iteration:  4000 / 33500 [ 11%]  (Sampling) 
Chain 4 Iteration:  3400 / 33500 [ 10%]  (Sampling) 
Chain 2 Iteration:  3300 / 33500 [  9%]  (Sampling) 
Chain 1 Iteration:  3400 / 33500 [ 10%]  (Sampling) 
Chain 3 Iteration:  4100 / 33500 [ 12%]  (Sampling) 
Chain 4 Iteration:  3500 / 33500 [ 10%]  (Sampling) 
Chain 2 Iteration:  3400 / 33500 [ 10%]  (Sampling) 
Chain 3 Iteration:  4200 / 33500 [ 12%]  (Sampling) 
Chain 1 Iteration:  3500 / 33500 [ 10%]  (Sampling) 
Chain 4 Iteration:  3600 / 33500 [ 10%]  (Sampling) 
Chain 3 Iteration:  4300 / 33500 [ 12%]  (Sampling) 
Chain 2 Iteration:  3500 / 33500 [ 10%]  (Sampling) 
Chain 1 Iteration:  3600 / 33500 [ 10%]  (Sampling) 
Chain 4 Iteration:  3700 / 33500 [ 11%]  (Sampling) 
Chain 3 Iteration:  4400 / 33500 [ 13%]  (Sampling) 
Chain 2 Iteration:  3600 / 33500 [ 10%]  (Sampling) 
Chain 1 Iteration:  3700 / 33500 [ 11%]  (Sampling) 
Chain 3 Iteration:  4500 / 33500 [ 13%]  (Sampling) 
Chain 4 Iteration:  3800 / 33500 [ 11%]  (Sampling) 
Chain 2 Iteration:  3700 / 33500 [ 11%]  (Sampling) 
Chain 3 Iteration:  4600 / 33500 [ 13%]  (Sampling) 
Chain 1 Iteration:  3800 / 33500 [ 11%]  (Sampling) 
Chain 4 Iteration:  3900 / 33500 [ 11%]  (Sampling) 
Chain 2 Iteration:  3800 / 33500 [ 11%]  (Sampling) 
Chain 3 Iteration:  4700 / 33500 [ 14%]  (Sampling) 
Chain 1 Iteration:  3900 / 33500 [ 11%]  (Sampling) 
Chain 4 Iteration:  4000 / 33500 [ 11%]  (Sampling) 
Chain 2 Iteration:  3900 / 33500 [ 11%]  (Sampling) 
Chain 3 Iteration:  4800 / 33500 [ 14%]  (Sampling) 
Chain 1 Iteration:  4000 / 33500 [ 11%]  (Sampling) 
Chain 4 Iteration:  4100 / 33500 [ 12%]  (Sampling) 
Chain 3 Iteration:  4900 / 33500 [ 14%]  (Sampling) 
Chain 2 Iteration:  4000 / 33500 [ 11%]  (Sampling) 
Chain 1 Iteration:  4100 / 33500 [ 12%]  (Sampling) 
Chain 3 Iteration:  5000 / 33500 [ 14%]  (Sampling) 
Chain 4 Iteration:  4200 / 33500 [ 12%]  (Sampling) 
Chain 2 Iteration:  4100 / 33500 [ 12%]  (Sampling) 
Chain 3 Iteration:  5100 / 33500 [ 15%]  (Sampling) 
Chain 1 Iteration:  4200 / 33500 [ 12%]  (Sampling) 
Chain 4 Iteration:  4300 / 33500 [ 12%]  (Sampling) 
Chain 3 Iteration:  5200 / 33500 [ 15%]  (Sampling) 
Chain 2 Iteration:  4200 / 33500 [ 12%]  (Sampling) 
Chain 1 Iteration:  4300 / 33500 [ 12%]  (Sampling) 
Chain 3 Iteration:  5300 / 33500 [ 15%]  (Sampling) 
Chain 2 Iteration:  4300 / 33500 [ 12%]  (Sampling) 
Chain 4 Iteration:  4400 / 33500 [ 13%]  (Sampling) 
Chain 1 Iteration:  4400 / 33500 [ 13%]  (Sampling) 
Chain 3 Iteration:  5400 / 33500 [ 16%]  (Sampling) 
Chain 2 Iteration:  4400 / 33500 [ 13%]  (Sampling) 
Chain 4 Iteration:  4500 / 33500 [ 13%]  (Sampling) 
Chain 3 Iteration:  5500 / 33500 [ 16%]  (Sampling) 
Chain 1 Iteration:  4500 / 33500 [ 13%]  (Sampling) 
Chain 2 Iteration:  4500 / 33500 [ 13%]  (Sampling) 
Chain 4 Iteration:  4600 / 33500 [ 13%]  (Sampling) 
Chain 3 Iteration:  5600 / 33500 [ 16%]  (Sampling) 
Chain 1 Iteration:  4600 / 33500 [ 13%]  (Sampling) 
Chain 2 Iteration:  4600 / 33500 [ 13%]  (Sampling) 
Chain 4 Iteration:  4700 / 33500 [ 14%]  (Sampling) 
Chain 3 Iteration:  5700 / 33500 [ 17%]  (Sampling) 
Chain 1 Iteration:  4700 / 33500 [ 14%]  (Sampling) 
Chain 2 Iteration:  4700 / 33500 [ 14%]  (Sampling) 
Chain 4 Iteration:  4800 / 33500 [ 14%]  (Sampling) 
Chain 3 Iteration:  5800 / 33500 [ 17%]  (Sampling) 
Chain 1 Iteration:  4800 / 33500 [ 14%]  (Sampling) 
Chain 2 Iteration:  4800 / 33500 [ 14%]  (Sampling) 
Chain 4 Iteration:  4900 / 33500 [ 14%]  (Sampling) 
Chain 1 Iteration:  4900 / 33500 [ 14%]  (Sampling) 
Chain 3 Iteration:  5900 / 33500 [ 17%]  (Sampling) 
Chain 2 Iteration:  4900 / 33500 [ 14%]  (Sampling) 
Chain 4 Iteration:  5000 / 33500 [ 14%]  (Sampling) 
Chain 3 Iteration:  6000 / 33500 [ 17%]  (Sampling) 
Chain 1 Iteration:  5000 / 33500 [ 14%]  (Sampling) 
Chain 2 Iteration:  5000 / 33500 [ 14%]  (Sampling) 
Chain 4 Iteration:  5100 / 33500 [ 15%]  (Sampling) 
Chain 1 Iteration:  5100 / 33500 [ 15%]  (Sampling) 
Chain 3 Iteration:  6100 / 33500 [ 18%]  (Sampling) 
Chain 2 Iteration:  5100 / 33500 [ 15%]  (Sampling) 
Chain 4 Iteration:  5200 / 33500 [ 15%]  (Sampling) 
Chain 4 Iteration:  5300 / 33500 [ 15%]  (Sampling) 
Chain 3 Iteration:  6200 / 33500 [ 18%]  (Sampling) 
Chain 1 Iteration:  5200 / 33500 [ 15%]  (Sampling) 
Chain 2 Iteration:  5200 / 33500 [ 15%]  (Sampling) 
Chain 4 Iteration:  5400 / 33500 [ 16%]  (Sampling) 
Chain 1 Iteration:  5300 / 33500 [ 15%]  (Sampling) 
Chain 3 Iteration:  6300 / 33500 [ 18%]  (Sampling) 
Chain 2 Iteration:  5300 / 33500 [ 15%]  (Sampling) 
Chain 4 Iteration:  5500 / 33500 [ 16%]  (Sampling) 
Chain 1 Iteration:  5400 / 33500 [ 16%]  (Sampling) 
Chain 3 Iteration:  6400 / 33500 [ 19%]  (Sampling) 
Chain 2 Iteration:  5400 / 33500 [ 16%]  (Sampling) 
Chain 4 Iteration:  5600 / 33500 [ 16%]  (Sampling) 
Chain 1 Iteration:  5500 / 33500 [ 16%]  (Sampling) 
Chain 4 Iteration:  5700 / 33500 [ 17%]  (Sampling) 
Chain 2 Iteration:  5500 / 33500 [ 16%]  (Sampling) 
Chain 3 Iteration:  6500 / 33500 [ 19%]  (Sampling) 
Chain 1 Iteration:  5600 / 33500 [ 16%]  (Sampling) 
Chain 2 Iteration:  5600 / 33500 [ 16%]  (Sampling) 
Chain 4 Iteration:  5800 / 33500 [ 17%]  (Sampling) 
Chain 3 Iteration:  6600 / 33500 [ 19%]  (Sampling) 
Chain 2 Iteration:  5700 / 33500 [ 17%]  (Sampling) 
Chain 1 Iteration:  5700 / 33500 [ 17%]  (Sampling) 
Chain 4 Iteration:  5900 / 33500 [ 17%]  (Sampling) 
Chain 3 Iteration:  6700 / 33500 [ 20%]  (Sampling) 
Chain 2 Iteration:  5800 / 33500 [ 17%]  (Sampling) 
Chain 1 Iteration:  5800 / 33500 [ 17%]  (Sampling) 
Chain 4 Iteration:  6000 / 33500 [ 17%]  (Sampling) 
Chain 3 Iteration:  6800 / 33500 [ 20%]  (Sampling) 
Chain 2 Iteration:  5900 / 33500 [ 17%]  (Sampling) 
Chain 1 Iteration:  5900 / 33500 [ 17%]  (Sampling) 
Chain 4 Iteration:  6100 / 33500 [ 18%]  (Sampling) 
Chain 2 Iteration:  6000 / 33500 [ 17%]  (Sampling) 
Chain 3 Iteration:  6900 / 33500 [ 20%]  (Sampling) 
Chain 1 Iteration:  6000 / 33500 [ 17%]  (Sampling) 
Chain 2 Iteration:  6100 / 33500 [ 18%]  (Sampling) 
Chain 4 Iteration:  6200 / 33500 [ 18%]  (Sampling) 
Chain 3 Iteration:  7000 / 33500 [ 20%]  (Sampling) 
Chain 2 Iteration:  6200 / 33500 [ 18%]  (Sampling) 
Chain 1 Iteration:  6100 / 33500 [ 18%]  (Sampling) 
Chain 3 Iteration:  7100 / 33500 [ 21%]  (Sampling) 
Chain 4 Iteration:  6300 / 33500 [ 18%]  (Sampling) 
Chain 2 Iteration:  6300 / 33500 [ 18%]  (Sampling) 
Chain 1 Iteration:  6200 / 33500 [ 18%]  (Sampling) 
Chain 3 Iteration:  7200 / 33500 [ 21%]  (Sampling) 
Chain 4 Iteration:  6400 / 33500 [ 19%]  (Sampling) 
Chain 2 Iteration:  6400 / 33500 [ 19%]  (Sampling) 
Chain 1 Iteration:  6300 / 33500 [ 18%]  (Sampling) 
Chain 4 Iteration:  6500 / 33500 [ 19%]  (Sampling) 
Chain 3 Iteration:  7300 / 33500 [ 21%]  (Sampling) 
Chain 2 Iteration:  6500 / 33500 [ 19%]  (Sampling) 
Chain 1 Iteration:  6400 / 33500 [ 19%]  (Sampling) 
Chain 2 Iteration:  6600 / 33500 [ 19%]  (Sampling) 
Chain 4 Iteration:  6600 / 33500 [ 19%]  (Sampling) 
Chain 3 Iteration:  7400 / 33500 [ 22%]  (Sampling) 
Chain 1 Iteration:  6500 / 33500 [ 19%]  (Sampling) 
Chain 2 Iteration:  6700 / 33500 [ 20%]  (Sampling) 
Chain 3 Iteration:  7500 / 33500 [ 22%]  (Sampling) 
Chain 4 Iteration:  6700 / 33500 [ 20%]  (Sampling) 
Chain 2 Iteration:  6800 / 33500 [ 20%]  (Sampling) 
Chain 1 Iteration:  6600 / 33500 [ 19%]  (Sampling) 
Chain 3 Iteration:  7600 / 33500 [ 22%]  (Sampling) 
Chain 4 Iteration:  6800 / 33500 [ 20%]  (Sampling) 
Chain 2 Iteration:  6900 / 33500 [ 20%]  (Sampling) 
Chain 1 Iteration:  6700 / 33500 [ 20%]  (Sampling) 
Chain 2 Iteration:  7000 / 33500 [ 20%]  (Sampling) 
Chain 3 Iteration:  7700 / 33500 [ 22%]  (Sampling) 
Chain 4 Iteration:  6900 / 33500 [ 20%]  (Sampling) 
Chain 1 Iteration:  6800 / 33500 [ 20%]  (Sampling) 
Chain 2 Iteration:  7100 / 33500 [ 21%]  (Sampling) 
Chain 4 Iteration:  7000 / 33500 [ 20%]  (Sampling) 
Chain 3 Iteration:  7800 / 33500 [ 23%]  (Sampling) 
Chain 1 Iteration:  6900 / 33500 [ 20%]  (Sampling) 
Chain 2 Iteration:  7200 / 33500 [ 21%]  (Sampling) 
Chain 4 Iteration:  7100 / 33500 [ 21%]  (Sampling) 
Chain 2 Iteration:  7300 / 33500 [ 21%]  (Sampling) 
Chain 3 Iteration:  7900 / 33500 [ 23%]  (Sampling) 
Chain 1 Iteration:  7000 / 33500 [ 20%]  (Sampling) 
Chain 2 Iteration:  7400 / 33500 [ 22%]  (Sampling) 
Chain 4 Iteration:  7200 / 33500 [ 21%]  (Sampling) 
Chain 1 Iteration:  7100 / 33500 [ 21%]  (Sampling) 
Chain 3 Iteration:  8000 / 33500 [ 23%]  (Sampling) 
Chain 2 Iteration:  7500 / 33500 [ 22%]  (Sampling) 
Chain 1 Iteration:  7200 / 33500 [ 21%]  (Sampling) 
Chain 4 Iteration:  7300 / 33500 [ 21%]  (Sampling) 
Chain 3 Iteration:  8100 / 33500 [ 24%]  (Sampling) 
Chain 2 Iteration:  7600 / 33500 [ 22%]  (Sampling) 
Chain 4 Iteration:  7400 / 33500 [ 22%]  (Sampling) 
Chain 1 Iteration:  7300 / 33500 [ 21%]  (Sampling) 
Chain 2 Iteration:  7700 / 33500 [ 22%]  (Sampling) 
Chain 3 Iteration:  8200 / 33500 [ 24%]  (Sampling) 
Chain 4 Iteration:  7500 / 33500 [ 22%]  (Sampling) 
Chain 2 Iteration:  7800 / 33500 [ 23%]  (Sampling) 
Chain 1 Iteration:  7400 / 33500 [ 22%]  (Sampling) 
Chain 3 Iteration:  8300 / 33500 [ 24%]  (Sampling) 
Chain 2 Iteration:  7900 / 33500 [ 23%]  (Sampling) 
Chain 4 Iteration:  7600 / 33500 [ 22%]  (Sampling) 
Chain 3 Iteration:  8400 / 33500 [ 25%]  (Sampling) 
Chain 1 Iteration:  7500 / 33500 [ 22%]  (Sampling) 
Chain 2 Iteration:  8000 / 33500 [ 23%]  (Sampling) 
Chain 4 Iteration:  7700 / 33500 [ 22%]  (Sampling) 
Chain 2 Iteration:  8100 / 33500 [ 24%]  (Sampling) 
Chain 3 Iteration:  8500 / 33500 [ 25%]  (Sampling) 
Chain 1 Iteration:  7600 / 33500 [ 22%]  (Sampling) 
Chain 4 Iteration:  7800 / 33500 [ 23%]  (Sampling) 
Chain 2 Iteration:  8200 / 33500 [ 24%]  (Sampling) 
Chain 3 Iteration:  8600 / 33500 [ 25%]  (Sampling) 
Chain 1 Iteration:  7700 / 33500 [ 22%]  (Sampling) 
Chain 4 Iteration:  7900 / 33500 [ 23%]  (Sampling) 
Chain 2 Iteration:  8300 / 33500 [ 24%]  (Sampling) 
Chain 3 Iteration:  8700 / 33500 [ 25%]  (Sampling) 
Chain 2 Iteration:  8400 / 33500 [ 25%]  (Sampling) 
Chain 1 Iteration:  7800 / 33500 [ 23%]  (Sampling) 
Chain 4 Iteration:  8000 / 33500 [ 23%]  (Sampling) 
Chain 3 Iteration:  8800 / 33500 [ 26%]  (Sampling) 
Chain 2 Iteration:  8500 / 33500 [ 25%]  (Sampling) 
Chain 1 Iteration:  7900 / 33500 [ 23%]  (Sampling) 
Chain 4 Iteration:  8100 / 33500 [ 24%]  (Sampling) 
Chain 3 Iteration:  8900 / 33500 [ 26%]  (Sampling) 
Chain 2 Iteration:  8600 / 33500 [ 25%]  (Sampling) 
Chain 1 Iteration:  8000 / 33500 [ 23%]  (Sampling) 
Chain 4 Iteration:  8200 / 33500 [ 24%]  (Sampling) 
Chain 2 Iteration:  8700 / 33500 [ 25%]  (Sampling) 
Chain 3 Iteration:  9000 / 33500 [ 26%]  (Sampling) 
Chain 1 Iteration:  8100 / 33500 [ 24%]  (Sampling) 
Chain 4 Iteration:  8300 / 33500 [ 24%]  (Sampling) 
Chain 2 Iteration:  8800 / 33500 [ 26%]  (Sampling) 
Chain 3 Iteration:  9100 / 33500 [ 27%]  (Sampling) 
Chain 1 Iteration:  8200 / 33500 [ 24%]  (Sampling) 
Chain 2 Iteration:  8900 / 33500 [ 26%]  (Sampling) 
Chain 4 Iteration:  8400 / 33500 [ 25%]  (Sampling) 
Chain 3 Iteration:  9200 / 33500 [ 27%]  (Sampling) 
Chain 2 Iteration:  9000 / 33500 [ 26%]  (Sampling) 
Chain 1 Iteration:  8300 / 33500 [ 24%]  (Sampling) 
Chain 4 Iteration:  8500 / 33500 [ 25%]  (Sampling) 
Chain 3 Iteration:  9300 / 33500 [ 27%]  (Sampling) 
Chain 2 Iteration:  9100 / 33500 [ 27%]  (Sampling) 
Chain 1 Iteration:  8400 / 33500 [ 25%]  (Sampling) 
Chain 4 Iteration:  8600 / 33500 [ 25%]  (Sampling) 
Chain 2 Iteration:  9200 / 33500 [ 27%]  (Sampling) 
Chain 3 Iteration:  9400 / 33500 [ 28%]  (Sampling) 
Chain 1 Iteration:  8500 / 33500 [ 25%]  (Sampling) 
Chain 4 Iteration:  8700 / 33500 [ 25%]  (Sampling) 
Chain 2 Iteration:  9300 / 33500 [ 27%]  (Sampling) 
Chain 3 Iteration:  9500 / 33500 [ 28%]  (Sampling) 
Chain 2 Iteration:  9400 / 33500 [ 28%]  (Sampling) 
Chain 4 Iteration:  8800 / 33500 [ 26%]  (Sampling) 
Chain 1 Iteration:  8600 / 33500 [ 25%]  (Sampling) 
Chain 3 Iteration:  9600 / 33500 [ 28%]  (Sampling) 
Chain 2 Iteration:  9500 / 33500 [ 28%]  (Sampling) 
Chain 4 Iteration:  8900 / 33500 [ 26%]  (Sampling) 
Chain 1 Iteration:  8700 / 33500 [ 25%]  (Sampling) 
Chain 2 Iteration:  9600 / 33500 [ 28%]  (Sampling) 
Chain 3 Iteration:  9700 / 33500 [ 28%]  (Sampling) 
Chain 4 Iteration:  9000 / 33500 [ 26%]  (Sampling) 
Chain 1 Iteration:  8800 / 33500 [ 26%]  (Sampling) 
Chain 2 Iteration:  9700 / 33500 [ 28%]  (Sampling) 
Chain 3 Iteration:  9800 / 33500 [ 29%]  (Sampling) 
Chain 4 Iteration:  9100 / 33500 [ 27%]  (Sampling) 
Chain 1 Iteration:  8900 / 33500 [ 26%]  (Sampling) 
Chain 2 Iteration:  9800 / 33500 [ 29%]  (Sampling) 
Chain 3 Iteration:  9900 / 33500 [ 29%]  (Sampling) 
Chain 4 Iteration:  9200 / 33500 [ 27%]  (Sampling) 
Chain 2 Iteration:  9900 / 33500 [ 29%]  (Sampling) 
Chain 1 Iteration:  9000 / 33500 [ 26%]  (Sampling) 
Chain 2 Iteration: 10000 / 33500 [ 29%]  (Sampling) 
Chain 3 Iteration: 10000 / 33500 [ 29%]  (Sampling) 
Chain 1 Iteration:  9100 / 33500 [ 27%]  (Sampling) 
Chain 4 Iteration:  9300 / 33500 [ 27%]  (Sampling) 
Chain 2 Iteration: 10100 / 33500 [ 30%]  (Sampling) 
Chain 1 Iteration:  9200 / 33500 [ 27%]  (Sampling) 
Chain 3 Iteration: 10100 / 33500 [ 30%]  (Sampling) 
Chain 4 Iteration:  9400 / 33500 [ 28%]  (Sampling) 
Chain 2 Iteration: 10200 / 33500 [ 30%]  (Sampling) 
Chain 1 Iteration:  9300 / 33500 [ 27%]  (Sampling) 
Chain 3 Iteration: 10200 / 33500 [ 30%]  (Sampling) 
Chain 4 Iteration:  9500 / 33500 [ 28%]  (Sampling) 
Chain 2 Iteration: 10300 / 33500 [ 30%]  (Sampling) 
Chain 4 Iteration:  9600 / 33500 [ 28%]  (Sampling) 
Chain 2 Iteration: 10400 / 33500 [ 31%]  (Sampling) 
Chain 1 Iteration:  9400 / 33500 [ 28%]  (Sampling) 
Chain 3 Iteration: 10300 / 33500 [ 30%]  (Sampling) 
Chain 2 Iteration: 10500 / 33500 [ 31%]  (Sampling) 
Chain 1 Iteration:  9500 / 33500 [ 28%]  (Sampling) 
Chain 4 Iteration:  9700 / 33500 [ 28%]  (Sampling) 
Chain 3 Iteration: 10400 / 33500 [ 31%]  (Sampling) 
Chain 2 Iteration: 10600 / 33500 [ 31%]  (Sampling) 
Chain 1 Iteration:  9600 / 33500 [ 28%]  (Sampling) 
Chain 3 Iteration: 10500 / 33500 [ 31%]  (Sampling) 
Chain 4 Iteration:  9800 / 33500 [ 29%]  (Sampling) 
Chain 2 Iteration: 10700 / 33500 [ 31%]  (Sampling) 
Chain 4 Iteration:  9900 / 33500 [ 29%]  (Sampling) 
Chain 1 Iteration:  9700 / 33500 [ 28%]  (Sampling) 
Chain 2 Iteration: 10800 / 33500 [ 32%]  (Sampling) 
Chain 3 Iteration: 10600 / 33500 [ 31%]  (Sampling) 
Chain 2 Iteration: 10900 / 33500 [ 32%]  (Sampling) 
Chain 4 Iteration: 10000 / 33500 [ 29%]  (Sampling) 
Chain 1 Iteration:  9800 / 33500 [ 29%]  (Sampling) 
Chain 3 Iteration: 10700 / 33500 [ 31%]  (Sampling) 
Chain 2 Iteration: 11000 / 33500 [ 32%]  (Sampling) 
Chain 1 Iteration:  9900 / 33500 [ 29%]  (Sampling) 
Chain 4 Iteration: 10100 / 33500 [ 30%]  (Sampling) 
Chain 3 Iteration: 10800 / 33500 [ 32%]  (Sampling) 
Chain 2 Iteration: 11100 / 33500 [ 33%]  (Sampling) 
Chain 1 Iteration: 10000 / 33500 [ 29%]  (Sampling) 
Chain 4 Iteration: 10200 / 33500 [ 30%]  (Sampling) 
Chain 3 Iteration: 10900 / 33500 [ 32%]  (Sampling) 
Chain 2 Iteration: 11200 / 33500 [ 33%]  (Sampling) 
Chain 1 Iteration: 10100 / 33500 [ 30%]  (Sampling) 
Chain 4 Iteration: 10300 / 33500 [ 30%]  (Sampling) 
Chain 2 Iteration: 11300 / 33500 [ 33%]  (Sampling) 
Chain 3 Iteration: 11000 / 33500 [ 32%]  (Sampling) 
Chain 1 Iteration: 10200 / 33500 [ 30%]  (Sampling) 
Chain 2 Iteration: 11400 / 33500 [ 34%]  (Sampling) 
Chain 4 Iteration: 10400 / 33500 [ 31%]  (Sampling) 
Chain 3 Iteration: 11100 / 33500 [ 33%]  (Sampling) 
Chain 1 Iteration: 10300 / 33500 [ 30%]  (Sampling) 
Chain 2 Iteration: 11500 / 33500 [ 34%]  (Sampling) 
Chain 4 Iteration: 10500 / 33500 [ 31%]  (Sampling) 
Chain 3 Iteration: 11200 / 33500 [ 33%]  (Sampling) 
Chain 2 Iteration: 11600 / 33500 [ 34%]  (Sampling) 
Chain 1 Iteration: 10400 / 33500 [ 31%]  (Sampling) 
Chain 4 Iteration: 10600 / 33500 [ 31%]  (Sampling) 
Chain 3 Iteration: 11300 / 33500 [ 33%]  (Sampling) 
Chain 2 Iteration: 11700 / 33500 [ 34%]  (Sampling) 
Chain 4 Iteration: 10700 / 33500 [ 31%]  (Sampling) 
Chain 1 Iteration: 10500 / 33500 [ 31%]  (Sampling) 
Chain 2 Iteration: 11800 / 33500 [ 35%]  (Sampling) 
Chain 3 Iteration: 11400 / 33500 [ 34%]  (Sampling) 
Chain 4 Iteration: 10800 / 33500 [ 32%]  (Sampling) 
Chain 2 Iteration: 11900 / 33500 [ 35%]  (Sampling) 
Chain 1 Iteration: 10600 / 33500 [ 31%]  (Sampling) 
Chain 3 Iteration: 11500 / 33500 [ 34%]  (Sampling) 
Chain 2 Iteration: 12000 / 33500 [ 35%]  (Sampling) 
Chain 1 Iteration: 10700 / 33500 [ 31%]  (Sampling) 
Chain 4 Iteration: 10900 / 33500 [ 32%]  (Sampling) 
Chain 3 Iteration: 11600 / 33500 [ 34%]  (Sampling) 
Chain 2 Iteration: 12100 / 33500 [ 36%]  (Sampling) 
Chain 4 Iteration: 11000 / 33500 [ 32%]  (Sampling) 
Chain 1 Iteration: 10800 / 33500 [ 32%]  (Sampling) 
Chain 2 Iteration: 12200 / 33500 [ 36%]  (Sampling) 
Chain 3 Iteration: 11700 / 33500 [ 34%]  (Sampling) 
Chain 4 Iteration: 11100 / 33500 [ 33%]  (Sampling) 
Chain 2 Iteration: 12300 / 33500 [ 36%]  (Sampling) 
Chain 3 Iteration: 11800 / 33500 [ 35%]  (Sampling) 
Chain 1 Iteration: 10900 / 33500 [ 32%]  (Sampling) 
Chain 2 Iteration: 12400 / 33500 [ 37%]  (Sampling) 
Chain 4 Iteration: 11200 / 33500 [ 33%]  (Sampling) 
Chain 3 Iteration: 11900 / 33500 [ 35%]  (Sampling) 
Chain 1 Iteration: 11000 / 33500 [ 32%]  (Sampling) 
Chain 2 Iteration: 12500 / 33500 [ 37%]  (Sampling) 
Chain 4 Iteration: 11300 / 33500 [ 33%]  (Sampling) 
Chain 3 Iteration: 12000 / 33500 [ 35%]  (Sampling) 
Chain 1 Iteration: 11100 / 33500 [ 33%]  (Sampling) 
Chain 2 Iteration: 12600 / 33500 [ 37%]  (Sampling) 
Chain 4 Iteration: 11400 / 33500 [ 34%]  (Sampling) 
Chain 3 Iteration: 12100 / 33500 [ 36%]  (Sampling) 
Chain 2 Iteration: 12700 / 33500 [ 37%]  (Sampling) 
Chain 1 Iteration: 11200 / 33500 [ 33%]  (Sampling) 
Chain 4 Iteration: 11500 / 33500 [ 34%]  (Sampling) 
Chain 2 Iteration: 12800 / 33500 [ 38%]  (Sampling) 
Chain 3 Iteration: 12200 / 33500 [ 36%]  (Sampling) 
Chain 1 Iteration: 11300 / 33500 [ 33%]  (Sampling) 
Chain 4 Iteration: 11600 / 33500 [ 34%]  (Sampling) 
Chain 2 Iteration: 12900 / 33500 [ 38%]  (Sampling) 
Chain 3 Iteration: 12300 / 33500 [ 36%]  (Sampling) 
Chain 1 Iteration: 11400 / 33500 [ 34%]  (Sampling) 
Chain 4 Iteration: 11700 / 33500 [ 34%]  (Sampling) 
Chain 2 Iteration: 13000 / 33500 [ 38%]  (Sampling) 
Chain 3 Iteration: 12400 / 33500 [ 37%]  (Sampling) 
Chain 1 Iteration: 11500 / 33500 [ 34%]  (Sampling) 
Chain 2 Iteration: 13100 / 33500 [ 39%]  (Sampling) 
Chain 4 Iteration: 11800 / 33500 [ 35%]  (Sampling) 
Chain 3 Iteration: 12500 / 33500 [ 37%]  (Sampling) 
Chain 1 Iteration: 11600 / 33500 [ 34%]  (Sampling) 
Chain 2 Iteration: 13200 / 33500 [ 39%]  (Sampling) 
Chain 4 Iteration: 11900 / 33500 [ 35%]  (Sampling) 
Chain 1 Iteration: 11700 / 33500 [ 34%]  (Sampling) 
Chain 2 Iteration: 13300 / 33500 [ 39%]  (Sampling) 
Chain 3 Iteration: 12600 / 33500 [ 37%]  (Sampling) 
Chain 4 Iteration: 12000 / 33500 [ 35%]  (Sampling) 
Chain 1 Iteration: 11800 / 33500 [ 35%]  (Sampling) 
Chain 2 Iteration: 13400 / 33500 [ 40%]  (Sampling) 
Chain 3 Iteration: 12700 / 33500 [ 37%]  (Sampling) 
Chain 4 Iteration: 12100 / 33500 [ 36%]  (Sampling) 
Chain 1 Iteration: 11900 / 33500 [ 35%]  (Sampling) 
Chain 2 Iteration: 13500 / 33500 [ 40%]  (Sampling) 
Chain 3 Iteration: 12800 / 33500 [ 38%]  (Sampling) 
Chain 4 Iteration: 12200 / 33500 [ 36%]  (Sampling) 
Chain 1 Iteration: 12000 / 33500 [ 35%]  (Sampling) 
Chain 4 Iteration: 12300 / 33500 [ 36%]  (Sampling) 
Chain 3 Iteration: 12900 / 33500 [ 38%]  (Sampling) 
Chain 2 Iteration: 13600 / 33500 [ 40%]  (Sampling) 
Chain 1 Iteration: 12100 / 33500 [ 36%]  (Sampling) 
Chain 4 Iteration: 12400 / 33500 [ 37%]  (Sampling) 
Chain 3 Iteration: 13000 / 33500 [ 38%]  (Sampling) 
Chain 2 Iteration: 13700 / 33500 [ 40%]  (Sampling) 
Chain 1 Iteration: 12200 / 33500 [ 36%]  (Sampling) 
Chain 4 Iteration: 12500 / 33500 [ 37%]  (Sampling) 
Chain 3 Iteration: 13100 / 33500 [ 39%]  (Sampling) 
Chain 2 Iteration: 13800 / 33500 [ 41%]  (Sampling) 
Chain 1 Iteration: 12300 / 33500 [ 36%]  (Sampling) 
Chain 4 Iteration: 12600 / 33500 [ 37%]  (Sampling) 
Chain 3 Iteration: 13200 / 33500 [ 39%]  (Sampling) 
Chain 1 Iteration: 12400 / 33500 [ 37%]  (Sampling) 
Chain 2 Iteration: 13900 / 33500 [ 41%]  (Sampling) 
Chain 4 Iteration: 12700 / 33500 [ 37%]  (Sampling) 
Chain 1 Iteration: 12500 / 33500 [ 37%]  (Sampling) 
Chain 3 Iteration: 13300 / 33500 [ 39%]  (Sampling) 
Chain 2 Iteration: 14000 / 33500 [ 41%]  (Sampling) 
Chain 4 Iteration: 12800 / 33500 [ 38%]  (Sampling) 
Chain 1 Iteration: 12600 / 33500 [ 37%]  (Sampling) 
Chain 3 Iteration: 13400 / 33500 [ 40%]  (Sampling) 
Chain 2 Iteration: 14100 / 33500 [ 42%]  (Sampling) 
Chain 4 Iteration: 12900 / 33500 [ 38%]  (Sampling) 
Chain 1 Iteration: 12700 / 33500 [ 37%]  (Sampling) 
Chain 4 Iteration: 13000 / 33500 [ 38%]  (Sampling) 
Chain 3 Iteration: 13500 / 33500 [ 40%]  (Sampling) 
Chain 2 Iteration: 14200 / 33500 [ 42%]  (Sampling) 
Chain 1 Iteration: 12800 / 33500 [ 38%]  (Sampling) 
Chain 4 Iteration: 13100 / 33500 [ 39%]  (Sampling) 
Chain 3 Iteration: 13600 / 33500 [ 40%]  (Sampling) 
Chain 2 Iteration: 14300 / 33500 [ 42%]  (Sampling) 
Chain 1 Iteration: 12900 / 33500 [ 38%]  (Sampling) 
Chain 4 Iteration: 13200 / 33500 [ 39%]  (Sampling) 
Chain 1 Iteration: 13000 / 33500 [ 38%]  (Sampling) 
Chain 3 Iteration: 13700 / 33500 [ 40%]  (Sampling) 
Chain 2 Iteration: 14400 / 33500 [ 42%]  (Sampling) 
Chain 4 Iteration: 13300 / 33500 [ 39%]  (Sampling) 
Chain 1 Iteration: 13100 / 33500 [ 39%]  (Sampling) 
Chain 3 Iteration: 13800 / 33500 [ 41%]  (Sampling) 
Chain 2 Iteration: 14500 / 33500 [ 43%]  (Sampling) 
Chain 4 Iteration: 13400 / 33500 [ 40%]  (Sampling) 
Chain 1 Iteration: 13200 / 33500 [ 39%]  (Sampling) 
Chain 3 Iteration: 13900 / 33500 [ 41%]  (Sampling) 
Chain 4 Iteration: 13500 / 33500 [ 40%]  (Sampling) 
Chain 2 Iteration: 14600 / 33500 [ 43%]  (Sampling) 
Chain 1 Iteration: 13300 / 33500 [ 39%]  (Sampling) 
Chain 4 Iteration: 13600 / 33500 [ 40%]  (Sampling) 
Chain 3 Iteration: 14000 / 33500 [ 41%]  (Sampling) 
Chain 2 Iteration: 14700 / 33500 [ 43%]  (Sampling) 
Chain 1 Iteration: 13400 / 33500 [ 40%]  (Sampling) 
Chain 4 Iteration: 13700 / 33500 [ 40%]  (Sampling) 
Chain 3 Iteration: 14100 / 33500 [ 42%]  (Sampling) 
Chain 2 Iteration: 14800 / 33500 [ 44%]  (Sampling) 
Chain 1 Iteration: 13500 / 33500 [ 40%]  (Sampling) 
Chain 4 Iteration: 13800 / 33500 [ 41%]  (Sampling) 
Chain 3 Iteration: 14200 / 33500 [ 42%]  (Sampling) 
Chain 1 Iteration: 13600 / 33500 [ 40%]  (Sampling) 
Chain 2 Iteration: 14900 / 33500 [ 44%]  (Sampling) 
Chain 4 Iteration: 13900 / 33500 [ 41%]  (Sampling) 
Chain 1 Iteration: 13700 / 33500 [ 40%]  (Sampling) 
Chain 3 Iteration: 14300 / 33500 [ 42%]  (Sampling) 
Chain 4 Iteration: 14000 / 33500 [ 41%]  (Sampling) 
Chain 2 Iteration: 15000 / 33500 [ 44%]  (Sampling) 
Chain 1 Iteration: 13800 / 33500 [ 41%]  (Sampling) 
Chain 4 Iteration: 14100 / 33500 [ 42%]  (Sampling) 
Chain 3 Iteration: 14400 / 33500 [ 42%]  (Sampling) 
Chain 2 Iteration: 15100 / 33500 [ 45%]  (Sampling) 
Chain 1 Iteration: 13900 / 33500 [ 41%]  (Sampling) 
Chain 4 Iteration: 14200 / 33500 [ 42%]  (Sampling) 
Chain 3 Iteration: 14500 / 33500 [ 43%]  (Sampling) 
Chain 2 Iteration: 15200 / 33500 [ 45%]  (Sampling) 
Chain 1 Iteration: 14000 / 33500 [ 41%]  (Sampling) 
Chain 4 Iteration: 14300 / 33500 [ 42%]  (Sampling) 
Chain 3 Iteration: 14600 / 33500 [ 43%]  (Sampling) 
Chain 1 Iteration: 14100 / 33500 [ 42%]  (Sampling) 
Chain 2 Iteration: 15300 / 33500 [ 45%]  (Sampling) 
Chain 4 Iteration: 14400 / 33500 [ 42%]  (Sampling) 
Chain 1 Iteration: 14200 / 33500 [ 42%]  (Sampling) 
Chain 3 Iteration: 14700 / 33500 [ 43%]  (Sampling) 
Chain 2 Iteration: 15400 / 33500 [ 45%]  (Sampling) 
Chain 4 Iteration: 14500 / 33500 [ 43%]  (Sampling) 
Chain 1 Iteration: 14300 / 33500 [ 42%]  (Sampling) 
Chain 3 Iteration: 14800 / 33500 [ 44%]  (Sampling) 
Chain 4 Iteration: 14600 / 33500 [ 43%]  (Sampling) 
Chain 2 Iteration: 15500 / 33500 [ 46%]  (Sampling) 
Chain 1 Iteration: 14400 / 33500 [ 42%]  (Sampling) 
Chain 4 Iteration: 14700 / 33500 [ 43%]  (Sampling) 
Chain 3 Iteration: 14900 / 33500 [ 44%]  (Sampling) 
Chain 2 Iteration: 15600 / 33500 [ 46%]  (Sampling) 
Chain 1 Iteration: 14500 / 33500 [ 43%]  (Sampling) 
Chain 4 Iteration: 14800 / 33500 [ 44%]  (Sampling) 
Chain 3 Iteration: 15000 / 33500 [ 44%]  (Sampling) 
Chain 2 Iteration: 15700 / 33500 [ 46%]  (Sampling) 
Chain 1 Iteration: 14600 / 33500 [ 43%]  (Sampling) 
Chain 4 Iteration: 14900 / 33500 [ 44%]  (Sampling) 
Chain 3 Iteration: 15100 / 33500 [ 45%]  (Sampling) 
Chain 2 Iteration: 15800 / 33500 [ 47%]  (Sampling) 
Chain 1 Iteration: 14700 / 33500 [ 43%]  (Sampling) 
Chain 4 Iteration: 15000 / 33500 [ 44%]  (Sampling) 
Chain 3 Iteration: 15200 / 33500 [ 45%]  (Sampling) 
Chain 1 Iteration: 14800 / 33500 [ 44%]  (Sampling) 
Chain 2 Iteration: 15900 / 33500 [ 47%]  (Sampling) 
Chain 4 Iteration: 15100 / 33500 [ 45%]  (Sampling) 
Chain 1 Iteration: 14900 / 33500 [ 44%]  (Sampling) 
Chain 3 Iteration: 15300 / 33500 [ 45%]  (Sampling) 
Chain 2 Iteration: 16000 / 33500 [ 47%]  (Sampling) 
Chain 4 Iteration: 15200 / 33500 [ 45%]  (Sampling) 
Chain 1 Iteration: 15000 / 33500 [ 44%]  (Sampling) 
Chain 3 Iteration: 15400 / 33500 [ 45%]  (Sampling) 
Chain 2 Iteration: 16100 / 33500 [ 48%]  (Sampling) 
Chain 4 Iteration: 15300 / 33500 [ 45%]  (Sampling) 
Chain 1 Iteration: 15100 / 33500 [ 45%]  (Sampling) 
Chain 3 Iteration: 15500 / 33500 [ 46%]  (Sampling) 
Chain 2 Iteration: 16200 / 33500 [ 48%]  (Sampling) 
Chain 4 Iteration: 15400 / 33500 [ 45%]  (Sampling) 
Chain 1 Iteration: 15200 / 33500 [ 45%]  (Sampling) 
Chain 3 Iteration: 15600 / 33500 [ 46%]  (Sampling) 
Chain 2 Iteration: 16300 / 33500 [ 48%]  (Sampling) 
Chain 4 Iteration: 15500 / 33500 [ 46%]  (Sampling) 
Chain 1 Iteration: 15300 / 33500 [ 45%]  (Sampling) 
Chain 3 Iteration: 15700 / 33500 [ 46%]  (Sampling) 
Chain 4 Iteration: 15600 / 33500 [ 46%]  (Sampling) 
Chain 2 Iteration: 16400 / 33500 [ 48%]  (Sampling) 
Chain 1 Iteration: 15400 / 33500 [ 45%]  (Sampling) 
Chain 4 Iteration: 15700 / 33500 [ 46%]  (Sampling) 
Chain 3 Iteration: 15800 / 33500 [ 47%]  (Sampling) 
Chain 2 Iteration: 16500 / 33500 [ 49%]  (Sampling) 
Chain 1 Iteration: 15500 / 33500 [ 46%]  (Sampling) 
Chain 4 Iteration: 15800 / 33500 [ 47%]  (Sampling) 
Chain 3 Iteration: 15900 / 33500 [ 47%]  (Sampling) 
Chain 2 Iteration: 16600 / 33500 [ 49%]  (Sampling) 
Chain 1 Iteration: 15600 / 33500 [ 46%]  (Sampling) 
Chain 4 Iteration: 15900 / 33500 [ 47%]  (Sampling) 
Chain 3 Iteration: 16000 / 33500 [ 47%]  (Sampling) 
Chain 1 Iteration: 15700 / 33500 [ 46%]  (Sampling) 
Chain 2 Iteration: 16700 / 33500 [ 49%]  (Sampling) 
Chain 4 Iteration: 16000 / 33500 [ 47%]  (Sampling) 
Chain 1 Iteration: 15800 / 33500 [ 47%]  (Sampling) 
Chain 3 Iteration: 16100 / 33500 [ 48%]  (Sampling) 
Chain 4 Iteration: 16100 / 33500 [ 48%]  (Sampling) 
Chain 2 Iteration: 16800 / 33500 [ 50%]  (Sampling) 
Chain 1 Iteration: 15900 / 33500 [ 47%]  (Sampling) 
Chain 3 Iteration: 16200 / 33500 [ 48%]  (Sampling) 
Chain 4 Iteration: 16200 / 33500 [ 48%]  (Sampling) 
Chain 2 Iteration: 16900 / 33500 [ 50%]  (Sampling) 
Chain 1 Iteration: 16000 / 33500 [ 47%]  (Sampling) 
Chain 4 Iteration: 16300 / 33500 [ 48%]  (Sampling) 
Chain 3 Iteration: 16300 / 33500 [ 48%]  (Sampling) 
Chain 1 Iteration: 16100 / 33500 [ 48%]  (Sampling) 
Chain 2 Iteration: 17000 / 33500 [ 50%]  (Sampling) 
Chain 4 Iteration: 16400 / 33500 [ 48%]  (Sampling) 
Chain 1 Iteration: 16200 / 33500 [ 48%]  (Sampling) 
Chain 3 Iteration: 16400 / 33500 [ 48%]  (Sampling) 
Chain 4 Iteration: 16500 / 33500 [ 49%]  (Sampling) 
Chain 2 Iteration: 17100 / 33500 [ 51%]  (Sampling) 
Chain 1 Iteration: 16300 / 33500 [ 48%]  (Sampling) 
Chain 4 Iteration: 16600 / 33500 [ 49%]  (Sampling) 
Chain 3 Iteration: 16500 / 33500 [ 49%]  (Sampling) 
Chain 2 Iteration: 17200 / 33500 [ 51%]  (Sampling) 
Chain 1 Iteration: 16400 / 33500 [ 48%]  (Sampling) 
Chain 4 Iteration: 16700 / 33500 [ 49%]  (Sampling) 
Chain 1 Iteration: 16500 / 33500 [ 49%]  (Sampling) 
Chain 3 Iteration: 16600 / 33500 [ 49%]  (Sampling) 
Chain 4 Iteration: 16800 / 33500 [ 50%]  (Sampling) 
Chain 2 Iteration: 17300 / 33500 [ 51%]  (Sampling) 
Chain 1 Iteration: 16600 / 33500 [ 49%]  (Sampling) 
Chain 4 Iteration: 16900 / 33500 [ 50%]  (Sampling) 
Chain 3 Iteration: 16700 / 33500 [ 49%]  (Sampling) 
Chain 2 Iteration: 17400 / 33500 [ 51%]  (Sampling) 
Chain 1 Iteration: 16700 / 33500 [ 49%]  (Sampling) 
Chain 4 Iteration: 17000 / 33500 [ 50%]  (Sampling) 
Chain 3 Iteration: 16800 / 33500 [ 50%]  (Sampling) 
Chain 2 Iteration: 17500 / 33500 [ 52%]  (Sampling) 
Chain 1 Iteration: 16800 / 33500 [ 50%]  (Sampling) 
Chain 4 Iteration: 17100 / 33500 [ 51%]  (Sampling) 
Chain 4 Iteration: 17200 / 33500 [ 51%]  (Sampling) 
Chain 3 Iteration: 16900 / 33500 [ 50%]  (Sampling) 
Chain 2 Iteration: 17600 / 33500 [ 52%]  (Sampling) 
Chain 1 Iteration: 16900 / 33500 [ 50%]  (Sampling) 
Chain 4 Iteration: 17300 / 33500 [ 51%]  (Sampling) 
Chain 3 Iteration: 17000 / 33500 [ 50%]  (Sampling) 
Chain 2 Iteration: 17700 / 33500 [ 52%]  (Sampling) 
Chain 4 Iteration: 17400 / 33500 [ 51%]  (Sampling) 
Chain 1 Iteration: 17000 / 33500 [ 50%]  (Sampling) 
Chain 4 Iteration: 17500 / 33500 [ 52%]  (Sampling) 
Chain 3 Iteration: 17100 / 33500 [ 51%]  (Sampling) 
Chain 2 Iteration: 17800 / 33500 [ 53%]  (Sampling) 
Chain 1 Iteration: 17100 / 33500 [ 51%]  (Sampling) 
Chain 4 Iteration: 17600 / 33500 [ 52%]  (Sampling) 
Chain 3 Iteration: 17200 / 33500 [ 51%]  (Sampling) 
Chain 2 Iteration: 17900 / 33500 [ 53%]  (Sampling) 
Chain 4 Iteration: 17700 / 33500 [ 52%]  (Sampling) 
Chain 1 Iteration: 17200 / 33500 [ 51%]  (Sampling) 
Chain 3 Iteration: 17300 / 33500 [ 51%]  (Sampling) 
Chain 4 Iteration: 17800 / 33500 [ 53%]  (Sampling) 
Chain 2 Iteration: 18000 / 33500 [ 53%]  (Sampling) 
Chain 1 Iteration: 17300 / 33500 [ 51%]  (Sampling) 
Chain 4 Iteration: 17900 / 33500 [ 53%]  (Sampling) 
Chain 3 Iteration: 17400 / 33500 [ 51%]  (Sampling) 
Chain 2 Iteration: 18100 / 33500 [ 54%]  (Sampling) 
Chain 4 Iteration: 18000 / 33500 [ 53%]  (Sampling) 
Chain 1 Iteration: 17400 / 33500 [ 51%]  (Sampling) 
Chain 3 Iteration: 17500 / 33500 [ 52%]  (Sampling) 
Chain 4 Iteration: 18100 / 33500 [ 54%]  (Sampling) 
Chain 2 Iteration: 18200 / 33500 [ 54%]  (Sampling) 
Chain 1 Iteration: 17500 / 33500 [ 52%]  (Sampling) 
Chain 4 Iteration: 18200 / 33500 [ 54%]  (Sampling) 
Chain 3 Iteration: 17600 / 33500 [ 52%]  (Sampling) 
Chain 2 Iteration: 18300 / 33500 [ 54%]  (Sampling) 
Chain 4 Iteration: 18300 / 33500 [ 54%]  (Sampling) 
Chain 1 Iteration: 17600 / 33500 [ 52%]  (Sampling) 
Chain 3 Iteration: 17700 / 33500 [ 52%]  (Sampling) 
Chain 4 Iteration: 18400 / 33500 [ 54%]  (Sampling) 
Chain 2 Iteration: 18400 / 33500 [ 54%]  (Sampling) 
Chain 1 Iteration: 17700 / 33500 [ 52%]  (Sampling) 
Chain 4 Iteration: 18500 / 33500 [ 55%]  (Sampling) 
Chain 3 Iteration: 17800 / 33500 [ 53%]  (Sampling) 
Chain 2 Iteration: 18500 / 33500 [ 55%]  (Sampling) 
Chain 1 Iteration: 17800 / 33500 [ 53%]  (Sampling) 
Chain 4 Iteration: 18600 / 33500 [ 55%]  (Sampling) 
Chain 3 Iteration: 17900 / 33500 [ 53%]  (Sampling) 
Chain 2 Iteration: 18600 / 33500 [ 55%]  (Sampling) 
Chain 4 Iteration: 18700 / 33500 [ 55%]  (Sampling) 
Chain 1 Iteration: 17900 / 33500 [ 53%]  (Sampling) 
Chain 4 Iteration: 18800 / 33500 [ 56%]  (Sampling) 
Chain 3 Iteration: 18000 / 33500 [ 53%]  (Sampling) 
Chain 2 Iteration: 18700 / 33500 [ 55%]  (Sampling) 
Chain 1 Iteration: 18000 / 33500 [ 53%]  (Sampling) 
Chain 4 Iteration: 18900 / 33500 [ 56%]  (Sampling) 
Chain 3 Iteration: 18100 / 33500 [ 54%]  (Sampling) 
Chain 2 Iteration: 18800 / 33500 [ 56%]  (Sampling) 
Chain 4 Iteration: 19000 / 33500 [ 56%]  (Sampling) 
Chain 1 Iteration: 18100 / 33500 [ 54%]  (Sampling) 
Chain 4 Iteration: 19100 / 33500 [ 57%]  (Sampling) 
Chain 3 Iteration: 18200 / 33500 [ 54%]  (Sampling) 
Chain 2 Iteration: 18900 / 33500 [ 56%]  (Sampling) 
Chain 1 Iteration: 18200 / 33500 [ 54%]  (Sampling) 
Chain 4 Iteration: 19200 / 33500 [ 57%]  (Sampling) 
Chain 3 Iteration: 18300 / 33500 [ 54%]  (Sampling) 
Chain 2 Iteration: 19000 / 33500 [ 56%]  (Sampling) 
Chain 4 Iteration: 19300 / 33500 [ 57%]  (Sampling) 
Chain 1 Iteration: 18300 / 33500 [ 54%]  (Sampling) 
Chain 3 Iteration: 18400 / 33500 [ 54%]  (Sampling) 
Chain 4 Iteration: 19400 / 33500 [ 57%]  (Sampling) 
Chain 2 Iteration: 19100 / 33500 [ 57%]  (Sampling) 
Chain 1 Iteration: 18400 / 33500 [ 54%]  (Sampling) 
Chain 4 Iteration: 19500 / 33500 [ 58%]  (Sampling) 
Chain 3 Iteration: 18500 / 33500 [ 55%]  (Sampling) 
Chain 2 Iteration: 19200 / 33500 [ 57%]  (Sampling) 
Chain 4 Iteration: 19600 / 33500 [ 58%]  (Sampling) 
Chain 1 Iteration: 18500 / 33500 [ 55%]  (Sampling) 
Chain 3 Iteration: 18600 / 33500 [ 55%]  (Sampling) 
Chain 4 Iteration: 19700 / 33500 [ 58%]  (Sampling) 
Chain 2 Iteration: 19300 / 33500 [ 57%]  (Sampling) 
Chain 1 Iteration: 18600 / 33500 [ 55%]  (Sampling) 
Chain 4 Iteration: 19800 / 33500 [ 59%]  (Sampling) 
Chain 3 Iteration: 18700 / 33500 [ 55%]  (Sampling) 
Chain 2 Iteration: 19400 / 33500 [ 57%]  (Sampling) 
Chain 1 Iteration: 18700 / 33500 [ 55%]  (Sampling) 
Chain 4 Iteration: 19900 / 33500 [ 59%]  (Sampling) 
Chain 3 Iteration: 18800 / 33500 [ 56%]  (Sampling) 
Chain 1 Iteration: 18800 / 33500 [ 56%]  (Sampling) 
Chain 4 Iteration: 20000 / 33500 [ 59%]  (Sampling) 
Chain 2 Iteration: 19500 / 33500 [ 58%]  (Sampling) 
Chain 4 Iteration: 20100 / 33500 [ 60%]  (Sampling) 
Chain 1 Iteration: 18900 / 33500 [ 56%]  (Sampling) 
Chain 3 Iteration: 18900 / 33500 [ 56%]  (Sampling) 
Chain 2 Iteration: 19600 / 33500 [ 58%]  (Sampling) 
Chain 4 Iteration: 20200 / 33500 [ 60%]  (Sampling) 
Chain 1 Iteration: 19000 / 33500 [ 56%]  (Sampling) 
Chain 3 Iteration: 19000 / 33500 [ 56%]  (Sampling) 
Chain 2 Iteration: 19700 / 33500 [ 58%]  (Sampling) 
Chain 4 Iteration: 20300 / 33500 [ 60%]  (Sampling) 
Chain 1 Iteration: 19100 / 33500 [ 57%]  (Sampling) 
Chain 3 Iteration: 19100 / 33500 [ 57%]  (Sampling) 
Chain 4 Iteration: 20400 / 33500 [ 60%]  (Sampling) 
Chain 1 Iteration: 19200 / 33500 [ 57%]  (Sampling) 
Chain 2 Iteration: 19800 / 33500 [ 59%]  (Sampling) 
Chain 1 Iteration: 19300 / 33500 [ 57%]  (Sampling) 
Chain 4 Iteration: 20500 / 33500 [ 61%]  (Sampling) 
Chain 3 Iteration: 19200 / 33500 [ 57%]  (Sampling) 
Chain 2 Iteration: 19900 / 33500 [ 59%]  (Sampling) 
Chain 1 Iteration: 19400 / 33500 [ 57%]  (Sampling) 
Chain 4 Iteration: 20600 / 33500 [ 61%]  (Sampling) 
