Initial log joint probability = -2.09455e+08 
    Iter      log prob        ||dx||      ||grad||       alpha      alpha0  # evals  Notes  
Error evaluating model log probability: Non-finite gradient. 
      99   1.19796e+06      0.317521       3355.92           1           1      141    
    Iter      log prob        ||dx||      ||grad||       alpha      alpha0  # evals  Notes  
     199   1.21015e+06      0.129355       633.287           1           1      266    
    Iter      log prob        ||dx||      ||grad||       alpha      alpha0  # evals  Notes  
     299    1.2112e+06      0.044781       567.999           1           1      383    
    Iter      log prob        ||dx||      ||grad||       alpha      alpha0  # evals  Notes  
     399   1.21144e+06     0.0342855       204.135           1           1      504    
    Iter      log prob        ||dx||      ||grad||       alpha      alpha0  # evals  Notes  
     499   1.21152e+06     0.0738953       202.652      0.2017           1      615    
    Iter      log prob        ||dx||      ||grad||       alpha      alpha0  # evals  Notes  
     599   1.21156e+06      0.100666       161.166           1           1      731    
    Iter      log prob        ||dx||      ||grad||       alpha      alpha0  # evals  Notes  
     699   1.21163e+06       0.23045       207.901      0.1755           1      847    
    Iter      log prob        ||dx||      ||grad||       alpha      alpha0  # evals  Notes  
     799   1.21172e+06      0.137421        201.86           1           1      968    
    Iter      log prob        ||dx||      ||grad||       alpha      alpha0  # evals  Notes  
     899   1.21175e+06     0.0629541       219.431      0.3317      0.3317     1091    
    Iter      log prob        ||dx||      ||grad||       alpha      alpha0  # evals  Notes  
     999   1.21179e+06     0.0211849        166.15           1           1     1207    
    Iter      log prob        ||dx||      ||grad||       alpha      alpha0  # evals  Notes  
    1099   1.21185e+06     0.0320893       369.545      0.4385      0.4385     1325    
    Iter      log prob        ||dx||      ||grad||       alpha      alpha0  # evals  Notes  
    1199   1.21188e+06     0.0524481       213.896           1           1     1442    
    Iter      log prob        ||dx||      ||grad||       alpha      alpha0  # evals  Notes  
    1299   1.21189e+06    0.00659381       143.036      0.3495           1     1561    
    Iter      log prob        ||dx||      ||grad||       alpha      alpha0  # evals  Notes  
    1399   1.21189e+06     0.0031349       55.4096      0.3556           1     1682    
    Iter      log prob        ||dx||      ||grad||       alpha      alpha0  # evals  Notes  
    1499    1.2119e+06      0.122779        129.84           1           1     1801    
    Iter      log prob        ||dx||      ||grad||       alpha      alpha0  # evals  Notes  
    1599   1.21199e+06     0.0135508       210.238           1           1     1914    
    Iter      log prob        ||dx||      ||grad||       alpha      alpha0  # evals  Notes  
    1699     1.212e+06     0.0329494       111.205           1           1     2030    
    Iter      log prob        ||dx||      ||grad||       alpha      alpha0  # evals  Notes  
    1799   1.21201e+06     0.0329706       87.7307           1           1     2145    
    Iter      log prob        ||dx||      ||grad||       alpha      alpha0  # evals  Notes  
    1899   1.21202e+06    0.00368645       90.9567           1           1     2258    
    Iter      log prob        ||dx||      ||grad||       alpha      alpha0  # evals  Notes  
    1999   1.21204e+06     0.0177004       277.897      0.2539      0.2539     2372    
    Iter      log prob        ||dx||      ||grad||       alpha      alpha0  # evals  Notes  
    2000   1.21204e+06      0.107347       88.9715           1           1     2373    
Optimization terminated normally:  
  Maximum number of iterations hit, may not be at an optima 
Finished in  43.9 seconds.
Running MCMC with 4 parallel chains...

Chain 4 Iteration:     1 / 33500 [  0%]  (Warmup) 
Chain 2 Iteration:     1 / 33500 [  0%]  (Warmup) 
Chain 3 Iteration:     1 / 33500 [  0%]  (Warmup) 
Chain 1 Iteration:     1 / 33500 [  0%]  (Warmup) 
Chain 2 Iteration:   100 / 33500 [  0%]  (Warmup) 
Chain 1 Iteration:   100 / 33500 [  0%]  (Warmup) 
Chain 3 Iteration:   100 / 33500 [  0%]  (Warmup) 
Chain 4 Iteration:   100 / 33500 [  0%]  (Warmup) 
Chain 3 Iteration:   200 / 33500 [  0%]  (Warmup) 
Chain 2 Iteration:   200 / 33500 [  0%]  (Warmup) 
Chain 4 Iteration:   200 / 33500 [  0%]  (Warmup) 
Chain 1 Iteration:   200 / 33500 [  0%]  (Warmup) 
Chain 3 Iteration:   300 / 33500 [  0%]  (Warmup) 
Chain 4 Iteration:   300 / 33500 [  0%]  (Warmup) 
Chain 1 Iteration:   300 / 33500 [  0%]  (Warmup) 
Chain 2 Iteration:   300 / 33500 [  0%]  (Warmup) 
Chain 4 Iteration:   400 / 33500 [  1%]  (Warmup) 
Chain 3 Iteration:   400 / 33500 [  1%]  (Warmup) 
Chain 1 Iteration:   400 / 33500 [  1%]  (Warmup) 
Chain 2 Iteration:   400 / 33500 [  1%]  (Warmup) 
Chain 4 Iteration:   500 / 33500 [  1%]  (Warmup) 
Chain 3 Iteration:   500 / 33500 [  1%]  (Warmup) 
Chain 1 Iteration:   500 / 33500 [  1%]  (Warmup) 
Chain 2 Iteration:   500 / 33500 [  1%]  (Warmup) 
Chain 4 Iteration:   600 / 33500 [  1%]  (Warmup) 
Chain 3 Iteration:   600 / 33500 [  1%]  (Warmup) 
Chain 1 Iteration:   600 / 33500 [  1%]  (Warmup) 
Chain 2 Iteration:   600 / 33500 [  1%]  (Warmup) 
Chain 3 Iteration:   700 / 33500 [  2%]  (Warmup) 
Chain 4 Iteration:   700 / 33500 [  2%]  (Warmup) 
Chain 1 Iteration:   700 / 33500 [  2%]  (Warmup) 
Chain 2 Iteration:   700 / 33500 [  2%]  (Warmup) 
Chain 4 Iteration:   800 / 33500 [  2%]  (Warmup) 
Chain 3 Iteration:   800 / 33500 [  2%]  (Warmup) 
Chain 2 Iteration:   800 / 33500 [  2%]  (Warmup) 
Chain 1 Iteration:   800 / 33500 [  2%]  (Warmup) 
Chain 4 Iteration:   900 / 33500 [  2%]  (Warmup) 
Chain 3 Iteration:   900 / 33500 [  2%]  (Warmup) 
Chain 2 Iteration:   900 / 33500 [  2%]  (Warmup) 
Chain 1 Iteration:   900 / 33500 [  2%]  (Warmup) 
Chain 4 Iteration:  1000 / 33500 [  2%]  (Warmup) 
Chain 3 Iteration:  1000 / 33500 [  2%]  (Warmup) 
Chain 2 Iteration:  1000 / 33500 [  2%]  (Warmup) 
Chain 4 Iteration:  1100 / 33500 [  3%]  (Warmup) 
Chain 1 Iteration:  1000 / 33500 [  2%]  (Warmup) 
Chain 3 Iteration:  1100 / 33500 [  3%]  (Warmup) 
Chain 2 Iteration:  1100 / 33500 [  3%]  (Warmup) 
Chain 4 Iteration:  1200 / 33500 [  3%]  (Warmup) 
Chain 1 Iteration:  1100 / 33500 [  3%]  (Warmup) 
Chain 3 Iteration:  1200 / 33500 [  3%]  (Warmup) 
Chain 2 Iteration:  1200 / 33500 [  3%]  (Warmup) 
Chain 4 Iteration:  1300 / 33500 [  3%]  (Warmup) 
Chain 1 Iteration:  1200 / 33500 [  3%]  (Warmup) 
Chain 2 Iteration:  1300 / 33500 [  3%]  (Warmup) 
Chain 3 Iteration:  1300 / 33500 [  3%]  (Warmup) 
Chain 4 Iteration:  1400 / 33500 [  4%]  (Warmup) 
Chain 1 Iteration:  1300 / 33500 [  3%]  (Warmup) 
Chain 2 Iteration:  1400 / 33500 [  4%]  (Warmup) 
Chain 3 Iteration:  1400 / 33500 [  4%]  (Warmup) 
Chain 4 Iteration:  1500 / 33500 [  4%]  (Warmup) 
Chain 4 Iteration:  1501 / 33500 [  4%]  (Sampling) 
Chain 1 Iteration:  1400 / 33500 [  4%]  (Warmup) 
Chain 2 Iteration:  1500 / 33500 [  4%]  (Warmup) 
Chain 2 Iteration:  1501 / 33500 [  4%]  (Sampling) 
Chain 3 Iteration:  1500 / 33500 [  4%]  (Warmup) 
Chain 3 Iteration:  1501 / 33500 [  4%]  (Sampling) 
Chain 4 Iteration:  1600 / 33500 [  4%]  (Sampling) 
Chain 2 Iteration:  1600 / 33500 [  4%]  (Sampling) 
Chain 1 Iteration:  1500 / 33500 [  4%]  (Warmup) 
Chain 1 Iteration:  1501 / 33500 [  4%]  (Sampling) 
Chain 4 Iteration:  1700 / 33500 [  5%]  (Sampling) 
Chain 3 Iteration:  1600 / 33500 [  4%]  (Sampling) 
Chain 2 Iteration:  1700 / 33500 [  5%]  (Sampling) 
Chain 1 Iteration:  1600 / 33500 [  4%]  (Sampling) 
Chain 3 Iteration:  1700 / 33500 [  5%]  (Sampling) 
Chain 4 Iteration:  1800 / 33500 [  5%]  (Sampling) 
Chain 2 Iteration:  1800 / 33500 [  5%]  (Sampling) 
Chain 1 Iteration:  1700 / 33500 [  5%]  (Sampling) 
Chain 3 Iteration:  1800 / 33500 [  5%]  (Sampling) 
Chain 4 Iteration:  1900 / 33500 [  5%]  (Sampling) 
Chain 2 Iteration:  1900 / 33500 [  5%]  (Sampling) 
Chain 1 Iteration:  1800 / 33500 [  5%]  (Sampling) 
Chain 3 Iteration:  1900 / 33500 [  5%]  (Sampling) 
Chain 4 Iteration:  2000 / 33500 [  5%]  (Sampling) 
Chain 2 Iteration:  2000 / 33500 [  5%]  (Sampling) 
Chain 1 Iteration:  1900 / 33500 [  5%]  (Sampling) 
Chain 4 Iteration:  2100 / 33500 [  6%]  (Sampling) 
Chain 3 Iteration:  2000 / 33500 [  5%]  (Sampling) 
Chain 4 Iteration:  2200 / 33500 [  6%]  (Sampling) 
Chain 2 Iteration:  2100 / 33500 [  6%]  (Sampling) 
Chain 1 Iteration:  2000 / 33500 [  5%]  (Sampling) 
Chain 3 Iteration:  2100 / 33500 [  6%]  (Sampling) 
Chain 4 Iteration:  2300 / 33500 [  6%]  (Sampling) 
Chain 1 Iteration:  2100 / 33500 [  6%]  (Sampling) 
Chain 2 Iteration:  2200 / 33500 [  6%]  (Sampling) 
Chain 3 Iteration:  2200 / 33500 [  6%]  (Sampling) 
Chain 4 Iteration:  2400 / 33500 [  7%]  (Sampling) 
Chain 1 Iteration:  2200 / 33500 [  6%]  (Sampling) 
Chain 2 Iteration:  2300 / 33500 [  6%]  (Sampling) 
Chain 3 Iteration:  2300 / 33500 [  6%]  (Sampling) 
Chain 4 Iteration:  2500 / 33500 [  7%]  (Sampling) 
Chain 1 Iteration:  2300 / 33500 [  6%]  (Sampling) 
Chain 3 Iteration:  2400 / 33500 [  7%]  (Sampling) 
Chain 2 Iteration:  2400 / 33500 [  7%]  (Sampling) 
Chain 4 Iteration:  2600 / 33500 [  7%]  (Sampling) 
Chain 1 Iteration:  2400 / 33500 [  7%]  (Sampling) 
Chain 3 Iteration:  2500 / 33500 [  7%]  (Sampling) 
Chain 2 Iteration:  2500 / 33500 [  7%]  (Sampling) 
Chain 4 Iteration:  2700 / 33500 [  8%]  (Sampling) 
Chain 1 Iteration:  2500 / 33500 [  7%]  (Sampling) 
Chain 3 Iteration:  2600 / 33500 [  7%]  (Sampling) 
Chain 2 Iteration:  2600 / 33500 [  7%]  (Sampling) 
Chain 4 Iteration:  2800 / 33500 [  8%]  (Sampling) 
Chain 1 Iteration:  2600 / 33500 [  7%]  (Sampling) 
Chain 3 Iteration:  2700 / 33500 [  8%]  (Sampling) 
Chain 2 Iteration:  2700 / 33500 [  8%]  (Sampling) 
Chain 4 Iteration:  2900 / 33500 [  8%]  (Sampling) 
Chain 1 Iteration:  2700 / 33500 [  8%]  (Sampling) 
Chain 3 Iteration:  2800 / 33500 [  8%]  (Sampling) 
Chain 4 Iteration:  3000 / 33500 [  8%]  (Sampling) 
Chain 2 Iteration:  2800 / 33500 [  8%]  (Sampling) 
Chain 3 Iteration:  2900 / 33500 [  8%]  (Sampling) 
Chain 1 Iteration:  2800 / 33500 [  8%]  (Sampling) 
Chain 4 Iteration:  3100 / 33500 [  9%]  (Sampling) 
Chain 2 Iteration:  2900 / 33500 [  8%]  (Sampling) 
Chain 3 Iteration:  3000 / 33500 [  8%]  (Sampling) 
Chain 4 Iteration:  3200 / 33500 [  9%]  (Sampling) 
Chain 1 Iteration:  2900 / 33500 [  8%]  (Sampling) 
Chain 2 Iteration:  3000 / 33500 [  8%]  (Sampling) 
Chain 4 Iteration:  3300 / 33500 [  9%]  (Sampling) 
Chain 3 Iteration:  3100 / 33500 [  9%]  (Sampling) 
Chain 1 Iteration:  3000 / 33500 [  8%]  (Sampling) 
Chain 2 Iteration:  3100 / 33500 [  9%]  (Sampling) 
Chain 4 Iteration:  3400 / 33500 [ 10%]  (Sampling) 
Chain 3 Iteration:  3200 / 33500 [  9%]  (Sampling) 
Chain 1 Iteration:  3100 / 33500 [  9%]  (Sampling) 
Chain 2 Iteration:  3200 / 33500 [  9%]  (Sampling) 
Chain 4 Iteration:  3500 / 33500 [ 10%]  (Sampling) 
Chain 3 Iteration:  3300 / 33500 [  9%]  (Sampling) 
Chain 1 Iteration:  3200 / 33500 [  9%]  (Sampling) 
Chain 2 Iteration:  3300 / 33500 [  9%]  (Sampling) 
Chain 4 Iteration:  3600 / 33500 [ 10%]  (Sampling) 
Chain 3 Iteration:  3400 / 33500 [ 10%]  (Sampling) 
Chain 1 Iteration:  3300 / 33500 [  9%]  (Sampling) 
Chain 2 Iteration:  3400 / 33500 [ 10%]  (Sampling) 
Chain 4 Iteration:  3700 / 33500 [ 11%]  (Sampling) 
Chain 3 Iteration:  3500 / 33500 [ 10%]  (Sampling) 
Chain 1 Iteration:  3400 / 33500 [ 10%]  (Sampling) 
Chain 2 Iteration:  3500 / 33500 [ 10%]  (Sampling) 
Chain 4 Iteration:  3800 / 33500 [ 11%]  (Sampling) 
Chain 3 Iteration:  3600 / 33500 [ 10%]  (Sampling) 
Chain 1 Iteration:  3500 / 33500 [ 10%]  (Sampling) 
Chain 2 Iteration:  3600 / 33500 [ 10%]  (Sampling) 
Chain 4 Iteration:  3900 / 33500 [ 11%]  (Sampling) 
Chain 3 Iteration:  3700 / 33500 [ 11%]  (Sampling) 
Chain 1 Iteration:  3600 / 33500 [ 10%]  (Sampling) 
Chain 2 Iteration:  3700 / 33500 [ 11%]  (Sampling) 
Chain 4 Iteration:  4000 / 33500 [ 11%]  (Sampling) 
Chain 3 Iteration:  3800 / 33500 [ 11%]  (Sampling) 
Chain 1 Iteration:  3700 / 33500 [ 11%]  (Sampling) 
Chain 2 Iteration:  3800 / 33500 [ 11%]  (Sampling) 
Chain 3 Iteration:  3900 / 33500 [ 11%]  (Sampling) 
Chain 4 Iteration:  4100 / 33500 [ 12%]  (Sampling) 
Chain 1 Iteration:  3800 / 33500 [ 11%]  (Sampling) 
Chain 2 Iteration:  3900 / 33500 [ 11%]  (Sampling) 
Chain 3 Iteration:  4000 / 33500 [ 11%]  (Sampling) 
Chain 4 Iteration:  4200 / 33500 [ 12%]  (Sampling) 
Chain 1 Iteration:  3900 / 33500 [ 11%]  (Sampling) 
Chain 2 Iteration:  4000 / 33500 [ 11%]  (Sampling) 
Chain 3 Iteration:  4100 / 33500 [ 12%]  (Sampling) 
Chain 4 Iteration:  4300 / 33500 [ 12%]  (Sampling) 
Chain 1 Iteration:  4000 / 33500 [ 11%]  (Sampling) 
Chain 3 Iteration:  4200 / 33500 [ 12%]  (Sampling) 
Chain 2 Iteration:  4100 / 33500 [ 12%]  (Sampling) 
Chain 4 Iteration:  4400 / 33500 [ 13%]  (Sampling) 
Chain 1 Iteration:  4100 / 33500 [ 12%]  (Sampling) 
Chain 3 Iteration:  4300 / 33500 [ 12%]  (Sampling) 
Chain 4 Iteration:  4500 / 33500 [ 13%]  (Sampling) 
Chain 2 Iteration:  4200 / 33500 [ 12%]  (Sampling) 
Chain 1 Iteration:  4200 / 33500 [ 12%]  (Sampling) 
Chain 4 Iteration:  4600 / 33500 [ 13%]  (Sampling) 
Chain 3 Iteration:  4400 / 33500 [ 13%]  (Sampling) 
Chain 2 Iteration:  4300 / 33500 [ 12%]  (Sampling) 
Chain 1 Iteration:  4300 / 33500 [ 12%]  (Sampling) 
Chain 4 Iteration:  4700 / 33500 [ 14%]  (Sampling) 
Chain 3 Iteration:  4500 / 33500 [ 13%]  (Sampling) 
Chain 2 Iteration:  4400 / 33500 [ 13%]  (Sampling) 
Chain 1 Iteration:  4400 / 33500 [ 13%]  (Sampling) 
Chain 4 Iteration:  4800 / 33500 [ 14%]  (Sampling) 
Chain 3 Iteration:  4600 / 33500 [ 13%]  (Sampling) 
Chain 2 Iteration:  4500 / 33500 [ 13%]  (Sampling) 
Chain 4 Iteration:  4900 / 33500 [ 14%]  (Sampling) 
Chain 1 Iteration:  4500 / 33500 [ 13%]  (Sampling) 
Chain 3 Iteration:  4700 / 33500 [ 14%]  (Sampling) 
Chain 2 Iteration:  4600 / 33500 [ 13%]  (Sampling) 
Chain 1 Iteration:  4600 / 33500 [ 13%]  (Sampling) 
Chain 4 Iteration:  5000 / 33500 [ 14%]  (Sampling) 
Chain 3 Iteration:  4800 / 33500 [ 14%]  (Sampling) 
Chain 2 Iteration:  4700 / 33500 [ 14%]  (Sampling) 
Chain 1 Iteration:  4700 / 33500 [ 14%]  (Sampling) 
Chain 3 Iteration:  4900 / 33500 [ 14%]  (Sampling) 
Chain 4 Iteration:  5100 / 33500 [ 15%]  (Sampling) 
Chain 3 Iteration:  5000 / 33500 [ 14%]  (Sampling) 
Chain 2 Iteration:  4800 / 33500 [ 14%]  (Sampling) 
Chain 1 Iteration:  4800 / 33500 [ 14%]  (Sampling) 
Chain 4 Iteration:  5200 / 33500 [ 15%]  (Sampling) 
Chain 3 Iteration:  5100 / 33500 [ 15%]  (Sampling) 
Chain 2 Iteration:  4900 / 33500 [ 14%]  (Sampling) 
Chain 1 Iteration:  4900 / 33500 [ 14%]  (Sampling) 
Chain 4 Iteration:  5300 / 33500 [ 15%]  (Sampling) 
Chain 3 Iteration:  5200 / 33500 [ 15%]  (Sampling) 
Chain 1 Iteration:  5000 / 33500 [ 14%]  (Sampling) 
Chain 2 Iteration:  5000 / 33500 [ 14%]  (Sampling) 
Chain 4 Iteration:  5400 / 33500 [ 16%]  (Sampling) 
Chain 3 Iteration:  5300 / 33500 [ 15%]  (Sampling) 
Chain 1 Iteration:  5100 / 33500 [ 15%]  (Sampling) 
Chain 2 Iteration:  5100 / 33500 [ 15%]  (Sampling) 
Chain 3 Iteration:  5400 / 33500 [ 16%]  (Sampling) 
Chain 4 Iteration:  5500 / 33500 [ 16%]  (Sampling) 
Chain 1 Iteration:  5200 / 33500 [ 15%]  (Sampling) 
Chain 2 Iteration:  5200 / 33500 [ 15%]  (Sampling) 
Chain 3 Iteration:  5500 / 33500 [ 16%]  (Sampling) 
Chain 4 Iteration:  5600 / 33500 [ 16%]  (Sampling) 
Chain 1 Iteration:  5300 / 33500 [ 15%]  (Sampling) 
Chain 3 Iteration:  5600 / 33500 [ 16%]  (Sampling) 
Chain 2 Iteration:  5300 / 33500 [ 15%]  (Sampling) 
Chain 4 Iteration:  5700 / 33500 [ 17%]  (Sampling) 
Chain 1 Iteration:  5400 / 33500 [ 16%]  (Sampling) 
Chain 3 Iteration:  5700 / 33500 [ 17%]  (Sampling) 
Chain 4 Iteration:  5800 / 33500 [ 17%]  (Sampling) 
Chain 2 Iteration:  5400 / 33500 [ 16%]  (Sampling) 
Chain 3 Iteration:  5800 / 33500 [ 17%]  (Sampling) 
Chain 1 Iteration:  5500 / 33500 [ 16%]  (Sampling) 
Chain 4 Iteration:  5900 / 33500 [ 17%]  (Sampling) 
Chain 2 Iteration:  5500 / 33500 [ 16%]  (Sampling) 
Chain 3 Iteration:  5900 / 33500 [ 17%]  (Sampling) 
Chain 1 Iteration:  5600 / 33500 [ 16%]  (Sampling) 
Chain 2 Iteration:  5600 / 33500 [ 16%]  (Sampling) 
Chain 4 Iteration:  6000 / 33500 [ 17%]  (Sampling) 
Chain 3 Iteration:  6000 / 33500 [ 17%]  (Sampling) 
Chain 1 Iteration:  5700 / 33500 [ 17%]  (Sampling) 
Chain 2 Iteration:  5700 / 33500 [ 17%]  (Sampling) 
Chain 4 Iteration:  6100 / 33500 [ 18%]  (Sampling) 
Chain 3 Iteration:  6100 / 33500 [ 18%]  (Sampling) 
Chain 1 Iteration:  5800 / 33500 [ 17%]  (Sampling) 
Chain 3 Iteration:  6200 / 33500 [ 18%]  (Sampling) 
Chain 2 Iteration:  5800 / 33500 [ 17%]  (Sampling) 
Chain 4 Iteration:  6200 / 33500 [ 18%]  (Sampling) 
Chain 1 Iteration:  5900 / 33500 [ 17%]  (Sampling) 
Chain 3 Iteration:  6300 / 33500 [ 18%]  (Sampling) 
Chain 2 Iteration:  5900 / 33500 [ 17%]  (Sampling) 
Chain 4 Iteration:  6300 / 33500 [ 18%]  (Sampling) 
Chain 1 Iteration:  6000 / 33500 [ 17%]  (Sampling) 
Chain 3 Iteration:  6400 / 33500 [ 19%]  (Sampling) 
Chain 2 Iteration:  6000 / 33500 [ 17%]  (Sampling) 
Chain 4 Iteration:  6400 / 33500 [ 19%]  (Sampling) 
Chain 1 Iteration:  6100 / 33500 [ 18%]  (Sampling) 
Chain 3 Iteration:  6500 / 33500 [ 19%]  (Sampling) 
Chain 2 Iteration:  6100 / 33500 [ 18%]  (Sampling) 
Chain 4 Iteration:  6500 / 33500 [ 19%]  (Sampling) 
Chain 1 Iteration:  6200 / 33500 [ 18%]  (Sampling) 
Chain 3 Iteration:  6600 / 33500 [ 19%]  (Sampling) 
Chain 2 Iteration:  6200 / 33500 [ 18%]  (Sampling) 
Chain 4 Iteration:  6600 / 33500 [ 19%]  (Sampling) 
Chain 3 Iteration:  6700 / 33500 [ 20%]  (Sampling) 
Chain 1 Iteration:  6300 / 33500 [ 18%]  (Sampling) 
Chain 4 Iteration:  6700 / 33500 [ 20%]  (Sampling) 
Chain 2 Iteration:  6300 / 33500 [ 18%]  (Sampling) 
Chain 3 Iteration:  6800 / 33500 [ 20%]  (Sampling) 
Chain 1 Iteration:  6400 / 33500 [ 19%]  (Sampling) 
Chain 4 Iteration:  6800 / 33500 [ 20%]  (Sampling) 
Chain 3 Iteration:  6900 / 33500 [ 20%]  (Sampling) 
Chain 2 Iteration:  6400 / 33500 [ 19%]  (Sampling) 
Chain 1 Iteration:  6500 / 33500 [ 19%]  (Sampling) 
Chain 4 Iteration:  6900 / 33500 [ 20%]  (Sampling) 
Chain 3 Iteration:  7000 / 33500 [ 20%]  (Sampling) 
Chain 2 Iteration:  6500 / 33500 [ 19%]  (Sampling) 
Chain 1 Iteration:  6600 / 33500 [ 19%]  (Sampling) 
Chain 4 Iteration:  7000 / 33500 [ 20%]  (Sampling) 
Chain 3 Iteration:  7100 / 33500 [ 21%]  (Sampling) 
Chain 2 Iteration:  6600 / 33500 [ 19%]  (Sampling) 
Chain 1 Iteration:  6700 / 33500 [ 20%]  (Sampling) 
Chain 4 Iteration:  7100 / 33500 [ 21%]  (Sampling) 
Chain 3 Iteration:  7200 / 33500 [ 21%]  (Sampling) 
Chain 2 Iteration:  6700 / 33500 [ 20%]  (Sampling) 
Chain 1 Iteration:  6800 / 33500 [ 20%]  (Sampling) 
Chain 3 Iteration:  7300 / 33500 [ 21%]  (Sampling) 
Chain 4 Iteration:  7200 / 33500 [ 21%]  (Sampling) 
Chain 2 Iteration:  6800 / 33500 [ 20%]  (Sampling) 
Chain 1 Iteration:  6900 / 33500 [ 20%]  (Sampling) 
Chain 3 Iteration:  7400 / 33500 [ 22%]  (Sampling) 
Chain 4 Iteration:  7300 / 33500 [ 21%]  (Sampling) 
Chain 2 Iteration:  6900 / 33500 [ 20%]  (Sampling) 
Chain 3 Iteration:  7500 / 33500 [ 22%]  (Sampling) 
Chain 1 Iteration:  7000 / 33500 [ 20%]  (Sampling) 
Chain 4 Iteration:  7400 / 33500 [ 22%]  (Sampling) 
Chain 3 Iteration:  7600 / 33500 [ 22%]  (Sampling) 
Chain 2 Iteration:  7000 / 33500 [ 20%]  (Sampling) 
Chain 1 Iteration:  7100 / 33500 [ 21%]  (Sampling) 
Chain 4 Iteration:  7500 / 33500 [ 22%]  (Sampling) 
Chain 3 Iteration:  7700 / 33500 [ 22%]  (Sampling) 
Chain 2 Iteration:  7100 / 33500 [ 21%]  (Sampling) 
Chain 1 Iteration:  7200 / 33500 [ 21%]  (Sampling) 
Chain 4 Iteration:  7600 / 33500 [ 22%]  (Sampling) 
Chain 3 Iteration:  7800 / 33500 [ 23%]  (Sampling) 
Chain 2 Iteration:  7200 / 33500 [ 21%]  (Sampling) 
Chain 1 Iteration:  7300 / 33500 [ 21%]  (Sampling) 
Chain 4 Iteration:  7700 / 33500 [ 22%]  (Sampling) 
Chain 3 Iteration:  7900 / 33500 [ 23%]  (Sampling) 
Chain 1 Iteration:  7400 / 33500 [ 22%]  (Sampling) 
Chain 2 Iteration:  7300 / 33500 [ 21%]  (Sampling) 
Chain 3 Iteration:  8000 / 33500 [ 23%]  (Sampling) 
Chain 4 Iteration:  7800 / 33500 [ 23%]  (Sampling) 
Chain 1 Iteration:  7500 / 33500 [ 22%]  (Sampling) 
Chain 2 Iteration:  7400 / 33500 [ 22%]  (Sampling) 
Chain 3 Iteration:  8100 / 33500 [ 24%]  (Sampling) 
Chain 4 Iteration:  7900 / 33500 [ 23%]  (Sampling) 
Chain 1 Iteration:  7600 / 33500 [ 22%]  (Sampling) 
Chain 3 Iteration:  8200 / 33500 [ 24%]  (Sampling) 
Chain 2 Iteration:  7500 / 33500 [ 22%]  (Sampling) 
Chain 4 Iteration:  8000 / 33500 [ 23%]  (Sampling) 
Chain 3 Iteration:  8300 / 33500 [ 24%]  (Sampling) 
Chain 1 Iteration:  7700 / 33500 [ 22%]  (Sampling) 
Chain 2 Iteration:  7600 / 33500 [ 22%]  (Sampling) 
Chain 4 Iteration:  8100 / 33500 [ 24%]  (Sampling) 
Chain 3 Iteration:  8400 / 33500 [ 25%]  (Sampling) 
Chain 1 Iteration:  7800 / 33500 [ 23%]  (Sampling) 
Chain 2 Iteration:  7700 / 33500 [ 22%]  (Sampling) 
Chain 4 Iteration:  8200 / 33500 [ 24%]  (Sampling) 
Chain 3 Iteration:  8500 / 33500 [ 25%]  (Sampling) 
Chain 1 Iteration:  7900 / 33500 [ 23%]  (Sampling) 
Chain 2 Iteration:  7800 / 33500 [ 23%]  (Sampling) 
Chain 4 Iteration:  8300 / 33500 [ 24%]  (Sampling) 
Chain 3 Iteration:  8600 / 33500 [ 25%]  (Sampling) 
Chain 1 Iteration:  8000 / 33500 [ 23%]  (Sampling) 
Chain 2 Iteration:  7900 / 33500 [ 23%]  (Sampling) 
Chain 4 Iteration:  8400 / 33500 [ 25%]  (Sampling) 
Chain 3 Iteration:  8700 / 33500 [ 25%]  (Sampling) 
Chain 1 Iteration:  8100 / 33500 [ 24%]  (Sampling) 
Chain 2 Iteration:  8000 / 33500 [ 23%]  (Sampling) 
Chain 3 Iteration:  8800 / 33500 [ 26%]  (Sampling) 
Chain 4 Iteration:  8500 / 33500 [ 25%]  (Sampling) 
Chain 1 Iteration:  8200 / 33500 [ 24%]  (Sampling) 
Chain 2 Iteration:  8100 / 33500 [ 24%]  (Sampling) 
Chain 3 Iteration:  8900 / 33500 [ 26%]  (Sampling) 
Chain 4 Iteration:  8600 / 33500 [ 25%]  (Sampling) 
Chain 1 Iteration:  8300 / 33500 [ 24%]  (Sampling) 
Chain 2 Iteration:  8200 / 33500 [ 24%]  (Sampling) 
Chain 3 Iteration:  9000 / 33500 [ 26%]  (Sampling) 
Chain 4 Iteration:  8700 / 33500 [ 25%]  (Sampling) 
Chain 1 Iteration:  8400 / 33500 [ 25%]  (Sampling) 
Chain 2 Iteration:  8300 / 33500 [ 24%]  (Sampling) 
Chain 3 Iteration:  9100 / 33500 [ 27%]  (Sampling) 
Chain 4 Iteration:  8800 / 33500 [ 26%]  (Sampling) 
Chain 1 Iteration:  8500 / 33500 [ 25%]  (Sampling) 
Chain 2 Iteration:  8400 / 33500 [ 25%]  (Sampling) 
Chain 3 Iteration:  9200 / 33500 [ 27%]  (Sampling) 
Chain 4 Iteration:  8900 / 33500 [ 26%]  (Sampling) 
Chain 1 Iteration:  8600 / 33500 [ 25%]  (Sampling) 
Chain 2 Iteration:  8500 / 33500 [ 25%]  (Sampling) 
Chain 3 Iteration:  9300 / 33500 [ 27%]  (Sampling) 
Chain 4 Iteration:  9000 / 33500 [ 26%]  (Sampling) 
Chain 1 Iteration:  8700 / 33500 [ 25%]  (Sampling) 
Chain 2 Iteration:  8600 / 33500 [ 25%]  (Sampling) 
Chain 3 Iteration:  9400 / 33500 [ 28%]  (Sampling) 
Chain 4 Iteration:  9100 / 33500 [ 27%]  (Sampling) 
Chain 1 Iteration:  8800 / 33500 [ 26%]  (Sampling) 
Chain 2 Iteration:  8700 / 33500 [ 25%]  (Sampling) 
Chain 3 Iteration:  9500 / 33500 [ 28%]  (Sampling) 
Chain 4 Iteration:  9200 / 33500 [ 27%]  (Sampling) 
Chain 1 Iteration:  8900 / 33500 [ 26%]  (Sampling) 
Chain 3 Iteration:  9600 / 33500 [ 28%]  (Sampling) 
Chain 2 Iteration:  8800 / 33500 [ 26%]  (Sampling) 
Chain 4 Iteration:  9300 / 33500 [ 27%]  (Sampling) 
Chain 1 Iteration:  9000 / 33500 [ 26%]  (Sampling) 
Chain 3 Iteration:  9700 / 33500 [ 28%]  (Sampling) 
Chain 2 Iteration:  8900 / 33500 [ 26%]  (Sampling) 
Chain 4 Iteration:  9400 / 33500 [ 28%]  (Sampling) 
Chain 1 Iteration:  9100 / 33500 [ 27%]  (Sampling) 
Chain 3 Iteration:  9800 / 33500 [ 29%]  (Sampling) 
Chain 2 Iteration:  9000 / 33500 [ 26%]  (Sampling) 
Chain 4 Iteration:  9500 / 33500 [ 28%]  (Sampling) 
Chain 1 Iteration:  9200 / 33500 [ 27%]  (Sampling) 
Chain 3 Iteration:  9900 / 33500 [ 29%]  (Sampling) 
Chain 2 Iteration:  9100 / 33500 [ 27%]  (Sampling) 
Chain 4 Iteration:  9600 / 33500 [ 28%]  (Sampling) 
Chain 1 Iteration:  9300 / 33500 [ 27%]  (Sampling) 
Chain 3 Iteration: 10000 / 33500 [ 29%]  (Sampling) 
Chain 2 Iteration:  9200 / 33500 [ 27%]  (Sampling) 
Chain 4 Iteration:  9700 / 33500 [ 28%]  (Sampling) 
Chain 1 Iteration:  9400 / 33500 [ 28%]  (Sampling) 
Chain 3 Iteration: 10100 / 33500 [ 30%]  (Sampling) 
Chain 2 Iteration:  9300 / 33500 [ 27%]  (Sampling) 
Chain 4 Iteration:  9800 / 33500 [ 29%]  (Sampling) 
Chain 1 Iteration:  9500 / 33500 [ 28%]  (Sampling) 
Chain 3 Iteration: 10200 / 33500 [ 30%]  (Sampling) 
Chain 2 Iteration:  9400 / 33500 [ 28%]  (Sampling) 
Chain 4 Iteration:  9900 / 33500 [ 29%]  (Sampling) 
Chain 3 Iteration: 10300 / 33500 [ 30%]  (Sampling) 
Chain 1 Iteration:  9600 / 33500 [ 28%]  (Sampling) 
Chain 2 Iteration:  9500 / 33500 [ 28%]  (Sampling) 
Chain 4 Iteration: 10000 / 33500 [ 29%]  (Sampling) 
Chain 3 Iteration: 10400 / 33500 [ 31%]  (Sampling) 
Chain 1 Iteration:  9700 / 33500 [ 28%]  (Sampling) 
Chain 2 Iteration:  9600 / 33500 [ 28%]  (Sampling) 
Chain 4 Iteration: 10100 / 33500 [ 30%]  (Sampling) 
Chain 3 Iteration: 10500 / 33500 [ 31%]  (Sampling) 
Chain 1 Iteration:  9800 / 33500 [ 29%]  (Sampling) 
Chain 2 Iteration:  9700 / 33500 [ 28%]  (Sampling) 
Chain 4 Iteration: 10200 / 33500 [ 30%]  (Sampling) 
Chain 3 Iteration: 10600 / 33500 [ 31%]  (Sampling) 
Chain 1 Iteration:  9900 / 33500 [ 29%]  (Sampling) 
Chain 2 Iteration:  9800 / 33500 [ 29%]  (Sampling) 
Chain 4 Iteration: 10300 / 33500 [ 30%]  (Sampling) 
Chain 3 Iteration: 10700 / 33500 [ 31%]  (Sampling) 
Chain 1 Iteration: 10000 / 33500 [ 29%]  (Sampling) 
Chain 2 Iteration:  9900 / 33500 [ 29%]  (Sampling) 
Chain 4 Iteration: 10400 / 33500 [ 31%]  (Sampling) 
Chain 3 Iteration: 10800 / 33500 [ 32%]  (Sampling) 
Chain 1 Iteration: 10100 / 33500 [ 30%]  (Sampling) 
Chain 2 Iteration: 10000 / 33500 [ 29%]  (Sampling) 
Chain 3 Iteration: 10900 / 33500 [ 32%]  (Sampling) 
Chain 4 Iteration: 10500 / 33500 [ 31%]  (Sampling) 
Chain 1 Iteration: 10200 / 33500 [ 30%]  (Sampling) 
Chain 2 Iteration: 10100 / 33500 [ 30%]  (Sampling) 
Chain 3 Iteration: 11000 / 33500 [ 32%]  (Sampling) 
Chain 4 Iteration: 10600 / 33500 [ 31%]  (Sampling) 
Chain 1 Iteration: 10300 / 33500 [ 30%]  (Sampling) 
Chain 2 Iteration: 10200 / 33500 [ 30%]  (Sampling) 
Chain 3 Iteration: 11100 / 33500 [ 33%]  (Sampling) 
Chain 4 Iteration: 10700 / 33500 [ 31%]  (Sampling) 
Chain 1 Iteration: 10400 / 33500 [ 31%]  (Sampling) 
Chain 3 Iteration: 11200 / 33500 [ 33%]  (Sampling) 
Chain 2 Iteration: 10300 / 33500 [ 30%]  (Sampling) 
Chain 4 Iteration: 10800 / 33500 [ 32%]  (Sampling) 
Chain 1 Iteration: 10500 / 33500 [ 31%]  (Sampling) 
Chain 3 Iteration: 11300 / 33500 [ 33%]  (Sampling) 
Chain 2 Iteration: 10400 / 33500 [ 31%]  (Sampling) 
Chain 4 Iteration: 10900 / 33500 [ 32%]  (Sampling) 
Chain 1 Iteration: 10600 / 33500 [ 31%]  (Sampling) 
Chain 3 Iteration: 11400 / 33500 [ 34%]  (Sampling) 
Chain 2 Iteration: 10500 / 33500 [ 31%]  (Sampling) 
Chain 4 Iteration: 11000 / 33500 [ 32%]  (Sampling) 
Chain 1 Iteration: 10700 / 33500 [ 31%]  (Sampling) 
Chain 3 Iteration: 11500 / 33500 [ 34%]  (Sampling) 
Chain 2 Iteration: 10600 / 33500 [ 31%]  (Sampling) 
Chain 4 Iteration: 11100 / 33500 [ 33%]  (Sampling) 
Chain 3 Iteration: 11600 / 33500 [ 34%]  (Sampling) 
Chain 1 Iteration: 10800 / 33500 [ 32%]  (Sampling) 
Chain 2 Iteration: 10700 / 33500 [ 31%]  (Sampling) 
Chain 3 Iteration: 11700 / 33500 [ 34%]  (Sampling) 
Chain 4 Iteration: 11200 / 33500 [ 33%]  (Sampling) 
Chain 1 Iteration: 10900 / 33500 [ 32%]  (Sampling) 
Chain 2 Iteration: 10800 / 33500 [ 32%]  (Sampling) 
Chain 3 Iteration: 11800 / 33500 [ 35%]  (Sampling) 
Chain 4 Iteration: 11300 / 33500 [ 33%]  (Sampling) 
Chain 1 Iteration: 11000 / 33500 [ 32%]  (Sampling) 
Chain 2 Iteration: 10900 / 33500 [ 32%]  (Sampling) 
Chain 3 Iteration: 11900 / 33500 [ 35%]  (Sampling) 
Chain 4 Iteration: 11400 / 33500 [ 34%]  (Sampling) 
Chain 1 Iteration: 11100 / 33500 [ 33%]  (Sampling) 
Chain 2 Iteration: 11000 / 33500 [ 32%]  (Sampling) 
Chain 3 Iteration: 12000 / 33500 [ 35%]  (Sampling) 
Chain 4 Iteration: 11500 / 33500 [ 34%]  (Sampling) 
Chain 1 Iteration: 11200 / 33500 [ 33%]  (Sampling) 
Chain 2 Iteration: 11100 / 33500 [ 33%]  (Sampling) 
Chain 3 Iteration: 12100 / 33500 [ 36%]  (Sampling) 
Chain 4 Iteration: 11600 / 33500 [ 34%]  (Sampling) 
Chain 1 Iteration: 11300 / 33500 [ 33%]  (Sampling) 
Chain 2 Iteration: 11200 / 33500 [ 33%]  (Sampling) 
Chain 3 Iteration: 12200 / 33500 [ 36%]  (Sampling) 
Chain 1 Iteration: 11400 / 33500 [ 34%]  (Sampling) 
Chain 4 Iteration: 11700 / 33500 [ 34%]  (Sampling) 
Chain 3 Iteration: 12300 / 33500 [ 36%]  (Sampling) 
Chain 2 Iteration: 11300 / 33500 [ 33%]  (Sampling) 
Chain 1 Iteration: 11500 / 33500 [ 34%]  (Sampling) 
Chain 3 Iteration: 12400 / 33500 [ 37%]  (Sampling) 
Chain 4 Iteration: 11800 / 33500 [ 35%]  (Sampling) 
Chain 2 Iteration: 11400 / 33500 [ 34%]  (Sampling) 
Chain 3 Iteration: 12500 / 33500 [ 37%]  (Sampling) 
Chain 1 Iteration: 11600 / 33500 [ 34%]  (Sampling) 
Chain 4 Iteration: 11900 / 33500 [ 35%]  (Sampling) 
Chain 2 Iteration: 11500 / 33500 [ 34%]  (Sampling) 
Chain 3 Iteration: 12600 / 33500 [ 37%]  (Sampling) 
Chain 1 Iteration: 11700 / 33500 [ 34%]  (Sampling) 
Chain 4 Iteration: 12000 / 33500 [ 35%]  (Sampling) 
Chain 2 Iteration: 11600 / 33500 [ 34%]  (Sampling) 
Chain 3 Iteration: 12700 / 33500 [ 37%]  (Sampling) 
Chain 1 Iteration: 11800 / 33500 [ 35%]  (Sampling) 
Chain 4 Iteration: 12100 / 33500 [ 36%]  (Sampling) 
Chain 2 Iteration: 11700 / 33500 [ 34%]  (Sampling) 
Chain 3 Iteration: 12800 / 33500 [ 38%]  (Sampling) 
Chain 1 Iteration: 11900 / 33500 [ 35%]  (Sampling) 
Chain 4 Iteration: 12200 / 33500 [ 36%]  (Sampling) 
Chain 2 Iteration: 11800 / 33500 [ 35%]  (Sampling) 
Chain 3 Iteration: 12900 / 33500 [ 38%]  (Sampling) 
Chain 1 Iteration: 12000 / 33500 [ 35%]  (Sampling) 
Chain 4 Iteration: 12300 / 33500 [ 36%]  (Sampling) 
Chain 2 Iteration: 11900 / 33500 [ 35%]  (Sampling) 
Chain 3 Iteration: 13000 / 33500 [ 38%]  (Sampling) 
Chain 1 Iteration: 12100 / 33500 [ 36%]  (Sampling) 
Chain 3 Iteration: 13100 / 33500 [ 39%]  (Sampling) 
Chain 4 Iteration: 12400 / 33500 [ 37%]  (Sampling) 
Chain 2 Iteration: 12000 / 33500 [ 35%]  (Sampling) 
Chain 1 Iteration: 12200 / 33500 [ 36%]  (Sampling) 
Chain 3 Iteration: 13200 / 33500 [ 39%]  (Sampling) 
Chain 2 Iteration: 12100 / 33500 [ 36%]  (Sampling) 
Chain 4 Iteration: 12500 / 33500 [ 37%]  (Sampling) 
Chain 1 Iteration: 12300 / 33500 [ 36%]  (Sampling) 
Chain 3 Iteration: 13300 / 33500 [ 39%]  (Sampling) 
Chain 2 Iteration: 12200 / 33500 [ 36%]  (Sampling) 
Chain 4 Iteration: 12600 / 33500 [ 37%]  (Sampling) 
Chain 1 Iteration: 12400 / 33500 [ 37%]  (Sampling) 
Chain 3 Iteration: 13400 / 33500 [ 40%]  (Sampling) 
Chain 2 Iteration: 12300 / 33500 [ 36%]  (Sampling) 
Chain 4 Iteration: 12700 / 33500 [ 37%]  (Sampling) 
Chain 1 Iteration: 12500 / 33500 [ 37%]  (Sampling) 
Chain 3 Iteration: 13500 / 33500 [ 40%]  (Sampling) 
Chain 2 Iteration: 12400 / 33500 [ 37%]  (Sampling) 
Chain 4 Iteration: 12800 / 33500 [ 38%]  (Sampling) 
Chain 1 Iteration: 12600 / 33500 [ 37%]  (Sampling) 
Chain 3 Iteration: 13600 / 33500 [ 40%]  (Sampling) 
Chain 2 Iteration: 12500 / 33500 [ 37%]  (Sampling) 
Chain 4 Iteration: 12900 / 33500 [ 38%]  (Sampling) 
Chain 1 Iteration: 12700 / 33500 [ 37%]  (Sampling) 
Chain 3 Iteration: 13700 / 33500 [ 40%]  (Sampling) 
Chain 2 Iteration: 12600 / 33500 [ 37%]  (Sampling) 
Chain 1 Iteration: 12800 / 33500 [ 38%]  (Sampling) 
Chain 3 Iteration: 13800 / 33500 [ 41%]  (Sampling) 
Chain 4 Iteration: 13000 / 33500 [ 38%]  (Sampling) 
Chain 2 Iteration: 12700 / 33500 [ 37%]  (Sampling) 
Chain 3 Iteration: 13900 / 33500 [ 41%]  (Sampling) 
Chain 1 Iteration: 12900 / 33500 [ 38%]  (Sampling) 
Chain 4 Iteration: 13100 / 33500 [ 39%]  (Sampling) 
Chain 2 Iteration: 12800 / 33500 [ 38%]  (Sampling) 
Chain 3 Iteration: 14000 / 33500 [ 41%]  (Sampling) 
Chain 1 Iteration: 13000 / 33500 [ 38%]  (Sampling) 
Chain 4 Iteration: 13200 / 33500 [ 39%]  (Sampling) 
Chain 2 Iteration: 12900 / 33500 [ 38%]  (Sampling) 
Chain 3 Iteration: 14100 / 33500 [ 42%]  (Sampling) 
Chain 1 Iteration: 13100 / 33500 [ 39%]  (Sampling) 
Chain 4 Iteration: 13300 / 33500 [ 39%]  (Sampling) 
Chain 2 Iteration: 13000 / 33500 [ 38%]  (Sampling) 
Chain 3 Iteration: 14200 / 33500 [ 42%]  (Sampling) 
Chain 1 Iteration: 13200 / 33500 [ 39%]  (Sampling) 
Chain 4 Iteration: 13400 / 33500 [ 40%]  (Sampling) 
Chain 3 Iteration: 14300 / 33500 [ 42%]  (Sampling) 
Chain 2 Iteration: 13100 / 33500 [ 39%]  (Sampling) 
Chain 1 Iteration: 13300 / 33500 [ 39%]  (Sampling) 
Chain 4 Iteration: 13500 / 33500 [ 40%]  (Sampling) 
Chain 3 Iteration: 14400 / 33500 [ 42%]  (Sampling) 
Chain 2 Iteration: 13200 / 33500 [ 39%]  (Sampling) 
Chain 1 Iteration: 13400 / 33500 [ 40%]  (Sampling) 
Chain 4 Iteration: 13600 / 33500 [ 40%]  (Sampling) 
Chain 3 Iteration: 14500 / 33500 [ 43%]  (Sampling) 
Chain 2 Iteration: 13300 / 33500 [ 39%]  (Sampling) 
Chain 1 Iteration: 13500 / 33500 [ 40%]  (Sampling) 
Chain 3 Iteration: 14600 / 33500 [ 43%]  (Sampling) 
Chain 4 Iteration: 13700 / 33500 [ 40%]  (Sampling) 
Chain 2 Iteration: 13400 / 33500 [ 40%]  (Sampling) 
Chain 1 Iteration: 13600 / 33500 [ 40%]  (Sampling) 
Chain 3 Iteration: 14700 / 33500 [ 43%]  (Sampling) 
Chain 2 Iteration: 13500 / 33500 [ 40%]  (Sampling) 
Chain 4 Iteration: 13800 / 33500 [ 41%]  (Sampling) 
Chain 1 Iteration: 13700 / 33500 [ 40%]  (Sampling) 
Chain 3 Iteration: 14800 / 33500 [ 44%]  (Sampling) 
Chain 2 Iteration: 13600 / 33500 [ 40%]  (Sampling) 
Chain 4 Iteration: 13900 / 33500 [ 41%]  (Sampling) 
Chain 1 Iteration: 13800 / 33500 [ 41%]  (Sampling) 
Chain 3 Iteration: 14900 / 33500 [ 44%]  (Sampling) 
Chain 2 Iteration: 13700 / 33500 [ 40%]  (Sampling) 
Chain 4 Iteration: 14000 / 33500 [ 41%]  (Sampling) 
Chain 3 Iteration: 15000 / 33500 [ 44%]  (Sampling) 
Chain 2 Iteration: 13800 / 33500 [ 41%]  (Sampling) 
Chain 1 Iteration: 13900 / 33500 [ 41%]  (Sampling) 
Chain 4 Iteration: 14100 / 33500 [ 42%]  (Sampling) 
Chain 3 Iteration: 15100 / 33500 [ 45%]  (Sampling) 
Chain 2 Iteration: 13900 / 33500 [ 41%]  (Sampling) 
Chain 1 Iteration: 14000 / 33500 [ 41%]  (Sampling) 
Chain 2 Iteration: 14000 / 33500 [ 41%]  (Sampling) 
Chain 3 Iteration: 15200 / 33500 [ 45%]  (Sampling) 
Chain 4 Iteration: 14200 / 33500 [ 42%]  (Sampling) 
Chain 1 Iteration: 14100 / 33500 [ 42%]  (Sampling) 
Chain 2 Iteration: 14100 / 33500 [ 42%]  (Sampling) 
Chain 3 Iteration: 15300 / 33500 [ 45%]  (Sampling) 
Chain 4 Iteration: 14300 / 33500 [ 42%]  (Sampling) 
Chain 1 Iteration: 14200 / 33500 [ 42%]  (Sampling) 
Chain 2 Iteration: 14200 / 33500 [ 42%]  (Sampling) 
Chain 3 Iteration: 15400 / 33500 [ 45%]  (Sampling) 
Chain 4 Iteration: 14400 / 33500 [ 42%]  (Sampling) 
Chain 1 Iteration: 14300 / 33500 [ 42%]  (Sampling) 
Chain 2 Iteration: 14300 / 33500 [ 42%]  (Sampling) 
Chain 3 Iteration: 15500 / 33500 [ 46%]  (Sampling) 
Chain 2 Iteration: 14400 / 33500 [ 42%]  (Sampling) 
Chain 1 Iteration: 14400 / 33500 [ 42%]  (Sampling) 
Chain 4 Iteration: 14500 / 33500 [ 43%]  (Sampling) 
Chain 3 Iteration: 15600 / 33500 [ 46%]  (Sampling) 
Chain 2 Iteration: 14500 / 33500 [ 43%]  (Sampling) 
Chain 1 Iteration: 14500 / 33500 [ 43%]  (Sampling) 
Chain 4 Iteration: 14600 / 33500 [ 43%]  (Sampling) 
Chain 2 Iteration: 14600 / 33500 [ 43%]  (Sampling) 
Chain 1 Iteration: 14600 / 33500 [ 43%]  (Sampling) 
Chain 4 Iteration: 14700 / 33500 [ 43%]  (Sampling) 
Chain 3 Iteration: 15700 / 33500 [ 46%]  (Sampling) 
Chain 2 Iteration: 14700 / 33500 [ 43%]  (Sampling) 
Chain 4 Iteration: 14800 / 33500 [ 44%]  (Sampling) 
Chain 3 Iteration: 15800 / 33500 [ 47%]  (Sampling) 
Chain 1 Iteration: 14700 / 33500 [ 43%]  (Sampling) 
Chain 2 Iteration: 14800 / 33500 [ 44%]  (Sampling) 
Chain 4 Iteration: 14900 / 33500 [ 44%]  (Sampling) 
Chain 3 Iteration: 15900 / 33500 [ 47%]  (Sampling) 
Chain 1 Iteration: 14800 / 33500 [ 44%]  (Sampling) 
Chain 2 Iteration: 14900 / 33500 [ 44%]  (Sampling) 
Chain 4 Iteration: 15000 / 33500 [ 44%]  (Sampling) 
Chain 3 Iteration: 16000 / 33500 [ 47%]  (Sampling) 
Chain 1 Iteration: 14900 / 33500 [ 44%]  (Sampling) 
Chain 2 Iteration: 15000 / 33500 [ 44%]  (Sampling) 
Chain 4 Iteration: 15100 / 33500 [ 45%]  (Sampling) 
Chain 3 Iteration: 16100 / 33500 [ 48%]  (Sampling) 
Chain 4 Iteration: 15200 / 33500 [ 45%]  (Sampling) 
Chain 1 Iteration: 15000 / 33500 [ 44%]  (Sampling) 
Chain 2 Iteration: 15100 / 33500 [ 45%]  (Sampling) 
Chain 3 Iteration: 16200 / 33500 [ 48%]  (Sampling) 
Chain 4 Iteration: 15300 / 33500 [ 45%]  (Sampling) 
Chain 3 Iteration: 16300 / 33500 [ 48%]  (Sampling) 
Chain 2 Iteration: 15200 / 33500 [ 45%]  (Sampling) 
Chain 1 Iteration: 15100 / 33500 [ 45%]  (Sampling) 
Chain 4 Iteration: 15400 / 33500 [ 45%]  (Sampling) 
Chain 3 Iteration: 16400 / 33500 [ 48%]  (Sampling) 
Chain 2 Iteration: 15300 / 33500 [ 45%]  (Sampling) 
Chain 1 Iteration: 15200 / 33500 [ 45%]  (Sampling) 
Chain 4 Iteration: 15500 / 33500 [ 46%]  (Sampling) 
Chain 3 Iteration: 16500 / 33500 [ 49%]  (Sampling) 
Chain 2 Iteration: 15400 / 33500 [ 45%]  (Sampling) 
Chain 1 Iteration: 15300 / 33500 [ 45%]  (Sampling) 
Chain 4 Iteration: 15600 / 33500 [ 46%]  (Sampling) 
Chain 3 Iteration: 16600 / 33500 [ 49%]  (Sampling) 
Chain 2 Iteration: 15500 / 33500 [ 46%]  (Sampling) 
Chain 4 Iteration: 15700 / 33500 [ 46%]  (Sampling) 
Chain 3 Iteration: 16700 / 33500 [ 49%]  (Sampling) 
Chain 1 Iteration: 15400 / 33500 [ 45%]  (Sampling) 
Chain 2 Iteration: 15600 / 33500 [ 46%]  (Sampling) 
Chain 4 Iteration: 15800 / 33500 [ 47%]  (Sampling) 
Chain 3 Iteration: 16800 / 33500 [ 50%]  (Sampling) 
Chain 1 Iteration: 15500 / 33500 [ 46%]  (Sampling) 
Chain 2 Iteration: 15700 / 33500 [ 46%]  (Sampling) 
Chain 4 Iteration: 15900 / 33500 [ 47%]  (Sampling) 
Chain 3 Iteration: 16900 / 33500 [ 50%]  (Sampling) 
Chain 1 Iteration: 15600 / 33500 [ 46%]  (Sampling) 
Chain 4 Iteration: 16000 / 33500 [ 47%]  (Sampling) 
Chain 2 Iteration: 15800 / 33500 [ 47%]  (Sampling) 
Chain 3 Iteration: 17000 / 33500 [ 50%]  (Sampling) 
Chain 4 Iteration: 16100 / 33500 [ 48%]  (Sampling) 
Chain 2 Iteration: 15900 / 33500 [ 47%]  (Sampling) 
Chain 1 Iteration: 15700 / 33500 [ 46%]  (Sampling) 
Chain 3 Iteration: 17100 / 33500 [ 51%]  (Sampling) 
Chain 4 Iteration: 16200 / 33500 [ 48%]  (Sampling) 
Chain 2 Iteration: 16000 / 33500 [ 47%]  (Sampling) 
Chain 3 Iteration: 17200 / 33500 [ 51%]  (Sampling) 
Chain 1 Iteration: 15800 / 33500 [ 47%]  (Sampling) 
Chain 4 Iteration: 16300 / 33500 [ 48%]  (Sampling) 
Chain 3 Iteration: 17300 / 33500 [ 51%]  (Sampling) 
Chain 2 Iteration: 16100 / 33500 [ 48%]  (Sampling) 
Chain 1 Iteration: 15900 / 33500 [ 47%]  (Sampling) 
Chain 4 Iteration: 16400 / 33500 [ 48%]  (Sampling) 
Chain 3 Iteration: 17400 / 33500 [ 51%]  (Sampling) 
Chain 2 Iteration: 16200 / 33500 [ 48%]  (Sampling) 
Chain 4 Iteration: 16500 / 33500 [ 49%]  (Sampling) 
Chain 1 Iteration: 16000 / 33500 [ 47%]  (Sampling) 
Chain 3 Iteration: 17500 / 33500 [ 52%]  (Sampling) 
Chain 2 Iteration: 16300 / 33500 [ 48%]  (Sampling) 
Chain 4 Iteration: 16600 / 33500 [ 49%]  (Sampling) 
Chain 3 Iteration: 17600 / 33500 [ 52%]  (Sampling) 
Chain 1 Iteration: 16100 / 33500 [ 48%]  (Sampling) 
Chain 2 Iteration: 16400 / 33500 [ 48%]  (Sampling) 
Chain 4 Iteration: 16700 / 33500 [ 49%]  (Sampling) 
Chain 3 Iteration: 17700 / 33500 [ 52%]  (Sampling) 
Chain 2 Iteration: 16500 / 33500 [ 49%]  (Sampling) 
Chain 1 Iteration: 16200 / 33500 [ 48%]  (Sampling) 
Chain 4 Iteration: 16800 / 33500 [ 50%]  (Sampling) 
Chain 3 Iteration: 17800 / 33500 [ 53%]  (Sampling) 
Chain 2 Iteration: 16600 / 33500 [ 49%]  (Sampling) 
Chain 1 Iteration: 16300 / 33500 [ 48%]  (Sampling) 
Chain 4 Iteration: 16900 / 33500 [ 50%]  (Sampling) 
Chain 3 Iteration: 17900 / 33500 [ 53%]  (Sampling) 
Chain 2 Iteration: 16700 / 33500 [ 49%]  (Sampling) 
Chain 4 Iteration: 17000 / 33500 [ 50%]  (Sampling) 
Chain 1 Iteration: 16400 / 33500 [ 48%]  (Sampling) 
Chain 3 Iteration: 18000 / 33500 [ 53%]  (Sampling) 
Chain 2 Iteration: 16800 / 33500 [ 50%]  (Sampling) 
Chain 4 Iteration: 17100 / 33500 [ 51%]  (Sampling) 
Chain 3 Iteration: 18100 / 33500 [ 54%]  (Sampling) 
Chain 1 Iteration: 16500 / 33500 [ 49%]  (Sampling) 
Chain 2 Iteration: 16900 / 33500 [ 50%]  (Sampling) 
Chain 4 Iteration: 17200 / 33500 [ 51%]  (Sampling) 
Chain 3 Iteration: 18200 / 33500 [ 54%]  (Sampling) 
Chain 1 Iteration: 16600 / 33500 [ 49%]  (Sampling) 
Chain 4 Iteration: 17300 / 33500 [ 51%]  (Sampling) 
Chain 2 Iteration: 17000 / 33500 [ 50%]  (Sampling) 
Chain 3 Iteration: 18300 / 33500 [ 54%]  (Sampling) 
Chain 4 Iteration: 17400 / 33500 [ 51%]  (Sampling) 
Chain 1 Iteration: 16700 / 33500 [ 49%]  (Sampling) 
Chain 2 Iteration: 17100 / 33500 [ 51%]  (Sampling) 
Chain 3 Iteration: 18400 / 33500 [ 54%]  (Sampling) 
Chain 4 Iteration: 17500 / 33500 [ 52%]  (Sampling) 
Chain 2 Iteration: 17200 / 33500 [ 51%]  (Sampling) 
Chain 3 Iteration: 18500 / 33500 [ 55%]  (Sampling) 
Chain 1 Iteration: 16800 / 33500 [ 50%]  (Sampling) 
Chain 4 Iteration: 17600 / 33500 [ 52%]  (Sampling) 
Chain 2 Iteration: 17300 / 33500 [ 51%]  (Sampling) 
Chain 3 Iteration: 18600 / 33500 [ 55%]  (Sampling) 
Chain 1 Iteration: 16900 / 33500 [ 50%]  (Sampling) 
Chain 4 Iteration: 17700 / 33500 [ 52%]  (Sampling) 
Chain 2 Iteration: 17400 / 33500 [ 51%]  (Sampling) 
Chain 3 Iteration: 18700 / 33500 [ 55%]  (Sampling) 
Chain 1 Iteration: 17000 / 33500 [ 50%]  (Sampling) 
Chain 4 Iteration: 17800 / 33500 [ 53%]  (Sampling) 
Chain 2 Iteration: 17500 / 33500 [ 52%]  (Sampling) 
Chain 3 Iteration: 18800 / 33500 [ 56%]  (Sampling) 
Chain 4 Iteration: 17900 / 33500 [ 53%]  (Sampling) 
Chain 1 Iteration: 17100 / 33500 [ 51%]  (Sampling) 
Chain 3 Iteration: 18900 / 33500 [ 56%]  (Sampling) 
Chain 2 Iteration: 17600 / 33500 [ 52%]  (Sampling) 
Chain 4 Iteration: 18000 / 33500 [ 53%]  (Sampling) 
Chain 1 Iteration: 17200 / 33500 [ 51%]  (Sampling) 
Chain 3 Iteration: 19000 / 33500 [ 56%]  (Sampling) 
Chain 2 Iteration: 17700 / 33500 [ 52%]  (Sampling) 
Chain 4 Iteration: 18100 / 33500 [ 54%]  (Sampling) 
Chain 3 Iteration: 19100 / 33500 [ 57%]  (Sampling) 
Chain 2 Iteration: 17800 / 33500 [ 53%]  (Sampling) 
Chain 1 Iteration: 17300 / 33500 [ 51%]  (Sampling) 
Chain 4 Iteration: 18200 / 33500 [ 54%]  (Sampling) 
Chain 3 Iteration: 19200 / 33500 [ 57%]  (Sampling) 
Chain 2 Iteration: 17900 / 33500 [ 53%]  (Sampling) 
Chain 1 Iteration: 17400 / 33500 [ 51%]  (Sampling) 
Chain 4 Iteration: 18300 / 33500 [ 54%]  (Sampling) 
Chain 3 Iteration: 19300 / 33500 [ 57%]  (Sampling) 
Chain 1 Iteration: 17500 / 33500 [ 52%]  (Sampling) 
Chain 2 Iteration: 18000 / 33500 [ 53%]  (Sampling) 
Chain 4 Iteration: 18400 / 33500 [ 54%]  (Sampling) 
Chain 3 Iteration: 19400 / 33500 [ 57%]  (Sampling) 
Chain 1 Iteration: 17600 / 33500 [ 52%]  (Sampling) 
Chain 2 Iteration: 18100 / 33500 [ 54%]  (Sampling) 
Chain 3 Iteration: 19500 / 33500 [ 58%]  (Sampling) 
Chain 4 Iteration: 18500 / 33500 [ 55%]  (Sampling) 
Chain 1 Iteration: 17700 / 33500 [ 52%]  (Sampling) 
Chain 2 Iteration: 18200 / 33500 [ 54%]  (Sampling) 
Chain 3 Iteration: 19600 / 33500 [ 58%]  (Sampling) 
Chain 1 Iteration: 17800 / 33500 [ 53%]  (Sampling) 
Chain 4 Iteration: 18600 / 33500 [ 55%]  (Sampling) 
Chain 2 Iteration: 18300 / 33500 [ 54%]  (Sampling) 
Chain 3 Iteration: 19700 / 33500 [ 58%]  (Sampling) 
Chain 1 Iteration: 17900 / 33500 [ 53%]  (Sampling) 
Chain 4 Iteration: 18700 / 33500 [ 55%]  (Sampling) 
Chain 2 Iteration: 18400 / 33500 [ 54%]  (Sampling) 
Chain 3 Iteration: 19800 / 33500 [ 59%]  (Sampling) 
Chain 1 Iteration: 18000 / 33500 [ 53%]  (Sampling) 
Chain 4 Iteration: 18800 / 33500 [ 56%]  (Sampling) 
Chain 2 Iteration: 18500 / 33500 [ 55%]  (Sampling) 
Chain 3 Iteration: 19900 / 33500 [ 59%]  (Sampling) 
Chain 1 Iteration: 18100 / 33500 [ 54%]  (Sampling) 
Chain 4 Iteration: 18900 / 33500 [ 56%]  (Sampling) 
Chain 3 Iteration: 20000 / 33500 [ 59%]  (Sampling) 
Chain 2 Iteration: 18600 / 33500 [ 55%]  (Sampling) 
Chain 1 Iteration: 18200 / 33500 [ 54%]  (Sampling) 
Chain 4 Iteration: 19000 / 33500 [ 56%]  (Sampling) 
Chain 3 Iteration: 20100 / 33500 [ 60%]  (Sampling) 
Chain 2 Iteration: 18700 / 33500 [ 55%]  (Sampling) 
Chain 1 Iteration: 18300 / 33500 [ 54%]  (Sampling) 
Chain 4 Iteration: 19100 / 33500 [ 57%]  (Sampling) 
Chain 3 Iteration: 20200 / 33500 [ 60%]  (Sampling) 
Chain 1 Iteration: 18400 / 33500 [ 54%]  (Sampling) 
Chain 2 Iteration: 18800 / 33500 [ 56%]  (Sampling) 
Chain 4 Iteration: 19200 / 33500 [ 57%]  (Sampling) 
Chain 3 Iteration: 20300 / 33500 [ 60%]  (Sampling) 
Chain 1 Iteration: 18500 / 33500 [ 55%]  (Sampling) 
Chain 4 Iteration: 19300 / 33500 [ 57%]  (Sampling) 
Chain 2 Iteration: 18900 / 33500 [ 56%]  (Sampling) 
Chain 3 Iteration: 20400 / 33500 [ 60%]  (Sampling) 
Chain 1 Iteration: 18600 / 33500 [ 55%]  (Sampling) 
Chain 4 Iteration: 19400 / 33500 [ 57%]  (Sampling) 
Chain 2 Iteration: 19000 / 33500 [ 56%]  (Sampling) 
Chain 3 Iteration: 20500 / 33500 [ 61%]  (Sampling) 
Chain 1 Iteration: 18700 / 33500 [ 55%]  (Sampling) 
Chain 4 Iteration: 19500 / 33500 [ 58%]  (Sampling) 
Chain 3 Iteration: 20600 / 33500 [ 61%]  (Sampling) 
Chain 2 Iteration: 19100 / 33500 [ 57%]  (Sampling) 
Chain 1 Iteration: 18800 / 33500 [ 56%]  (Sampling) 
Chain 4 Iteration: 19600 / 33500 [ 58%]  (Sampling) 
Chain 3 Iteration: 20700 / 33500 [ 61%]  (Sampling) 
Chain 1 Iteration: 18900 / 33500 [ 56%]  (Sampling) 
Chain 2 Iteration: 19200 / 33500 [ 57%]  (Sampling) 
Chain 4 Iteration: 19700 / 33500 [ 58%]  (Sampling) 
Chain 3 Iteration: 20800 / 33500 [ 62%]  (Sampling) 
Chain 1 Iteration: 19000 / 33500 [ 56%]  (Sampling) 
Chain 4 Iteration: 19800 / 33500 [ 59%]  (Sampling) 
Chain 2 Iteration: 19300 / 33500 [ 57%]  (Sampling) 
Chain 3 Iteration: 20900 / 33500 [ 62%]  (Sampling) 
Chain 1 Iteration: 19100 / 33500 [ 57%]  (Sampling) 
Chain 4 Iteration: 19900 / 33500 [ 59%]  (Sampling) 
Chain 3 Iteration: 21000 / 33500 [ 62%]  (Sampling) 
Chain 2 Iteration: 19400 / 33500 [ 57%]  (Sampling) 
Chain 1 Iteration: 19200 / 33500 [ 57%]  (Sampling) 
Chain 4 Iteration: 20000 / 33500 [ 59%]  (Sampling) 
Chain 3 Iteration: 21100 / 33500 [ 62%]  (Sampling) 
Chain 2 Iteration: 19500 / 33500 [ 58%]  (Sampling) 
Chain 4 Iteration: 20100 / 33500 [ 60%]  (Sampling) 
Chain 1 Iteration: 19300 / 33500 [ 57%]  (Sampling) 
Chain 3 Iteration: 21200 / 33500 [ 63%]  (Sampling) 
Chain 1 Iteration: 19400 / 33500 [ 57%]  (Sampling) 
Chain 2 Iteration: 19600 / 33500 [ 58%]  (Sampling) 
Chain 4 Iteration: 20200 / 33500 [ 60%]  (Sampling) 
Chain 3 Iteration: 21300 / 33500 [ 63%]  (Sampling) 
Chain 1 Iteration: 19500 / 33500 [ 58%]  (Sampling) 
Chain 2 Iteration: 19700 / 33500 [ 58%]  (Sampling) 
Chain 4 Iteration: 20300 / 33500 [ 60%]  (Sampling) 
Chain 3 Iteration: 21400 / 33500 [ 63%]  (Sampling) 
Chain 1 Iteration: 19600 / 33500 [ 58%]  (Sampling) 
Chain 2 Iteration: 19800 / 33500 [ 59%]  (Sampling) 
Chain 4 Iteration: 20400 / 33500 [ 60%]  (Sampling) 
Chain 3 Iteration: 21500 / 33500 [ 64%]  (Sampling) 
Chain 1 Iteration: 19700 / 33500 [ 58%]  (Sampling) 
Chain 2 Iteration: 19900 / 33500 [ 59%]  (Sampling) 
Chain 4 Iteration: 20500 / 33500 [ 61%]  (Sampling) 
Chain 3 Iteration: 21600 / 33500 [ 64%]  (Sampling) 
Chain 1 Iteration: 19800 / 33500 [ 59%]  (Sampling) 
Chain 4 Iteration: 20600 / 33500 [ 61%]  (Sampling) 
Chain 3 Iteration: 21700 / 33500 [ 64%]  (Sampling) 
Chain 2 Iteration: 20000 / 33500 [ 59%]  (Sampling) 
Chain 1 Iteration: 19900 / 33500 [ 59%]  (Sampling) 
Chain 4 Iteration: 20700 / 33500 [ 61%]  (Sampling) 
Chain 3 Iteration: 21800 / 33500 [ 65%]  (Sampling) 
Chain 2 Iteration: 20100 / 33500 [ 60%]  (Sampling) 
Chain 1 Iteration: 20000 / 33500 [ 59%]  (Sampling) 
Chain 4 Iteration: 20800 / 33500 [ 62%]  (Sampling) 
Chain 3 Iteration: 21900 / 33500 [ 65%]  (Sampling) 
Chain 1 Iteration: 20100 / 33500 [ 60%]  (Sampling) 
Chain 2 Iteration: 20200 / 33500 [ 60%]  (Sampling) 
Chain 4 Iteration: 20900 / 33500 [ 62%]  (Sampling) 
Chain 3 Iteration: 22000 / 33500 [ 65%]  (Sampling) 
Chain 1 Iteration: 20200 / 33500 [ 60%]  (Sampling) 
Chain 4 Iteration: 21000 / 33500 [ 62%]  (Sampling) 
Chain 3 Iteration: 22100 / 33500 [ 65%]  (Sampling) 
Chain 2 Iteration: 20300 / 33500 [ 60%]  (Sampling) 
Chain 1 Iteration: 20300 / 33500 [ 60%]  (Sampling) 
Chain 4 Iteration: 21100 / 33500 [ 62%]  (Sampling) 
Chain 3 Iteration: 22200 / 33500 [ 66%]  (Sampling) 
Chain 2 Iteration: 20400 / 33500 [ 60%]  (Sampling) 
Chain 1 Iteration: 20400 / 33500 [ 60%]  (Sampling) 
Chain 4 Iteration: 21200 / 33500 [ 63%]  (Sampling) 
Chain 3 Iteration: 22300 / 33500 [ 66%]  (Sampling) 
Chain 1 Iteration: 20500 / 33500 [ 61%]  (Sampling) 
Chain 2 Iteration: 20500 / 33500 [ 61%]  (Sampling) 
Chain 4 Iteration: 21300 / 33500 [ 63%]  (Sampling) 
Chain 3 Iteration: 22400 / 33500 [ 66%]  (Sampling) 
Chain 1 Iteration: 20600 / 33500 [ 61%]  (Sampling) 
Chain 4 Iteration: 21400 / 33500 [ 63%]  (Sampling) 
Chain 2 Iteration: 20600 / 33500 [ 61%]  (Sampling) 
Chain 3 Iteration: 22500 / 33500 [ 67%]  (Sampling) 
Chain 1 Iteration: 20700 / 33500 [ 61%]  (Sampling) 
Chain 4 Iteration: 21500 / 33500 [ 64%]  (Sampling) 
Chain 3 Iteration: 22600 / 33500 [ 67%]  (Sampling) 
Chain 2 Iteration: 20700 / 33500 [ 61%]  (Sampling) 
Chain 1 Iteration: 20800 / 33500 [ 62%]  (Sampling) 
Chain 3 Iteration: 22700 / 33500 [ 67%]  (Sampling) 
Chain 4 Iteration: 21600 / 33500 [ 64%]  (Sampling) 
Chain 2 Iteration: 20800 / 33500 [ 62%]  (Sampling) 
Chain 1 Iteration: 20900 / 33500 [ 62%]  (Sampling) 
Chain 3 Iteration: 22800 / 33500 [ 68%]  (Sampling) 
Chain 4 Iteration: 21700 / 33500 [ 64%]  (Sampling) 
Chain 1 Iteration: 21000 / 33500 [ 62%]  (Sampling) 
Chain 2 Iteration: 20900 / 33500 [ 62%]  (Sampling) 
Chain 3 Iteration: 22900 / 33500 [ 68%]  (Sampling) 
Chain 4 Iteration: 21800 / 33500 [ 65%]  (Sampling) 
Chain 1 Iteration: 21100 / 33500 [ 62%]  (Sampling) 
Chain 3 Iteration: 23000 / 33500 [ 68%]  (Sampling) 
Chain 2 Iteration: 21000 / 33500 [ 62%]  (Sampling) 
Chain 4 Iteration: 21900 / 33500 [ 65%]  (Sampling) 
Chain 1 Iteration: 21200 / 33500 [ 63%]  (Sampling) 
Chain 3 Iteration: 23100 / 33500 [ 68%]  (Sampling) 
Chain 2 Iteration: 21100 / 33500 [ 62%]  (Sampling) 
Chain 4 Iteration: 22000 / 33500 [ 65%]  (Sampling) 
Chain 1 Iteration: 21300 / 33500 [ 63%]  (Sampling) 
Chain 3 Iteration: 23200 / 33500 [ 69%]  (Sampling) 
Chain 4 Iteration: 22100 / 33500 [ 65%]  (Sampling) 
Chain 2 Iteration: 21200 / 33500 [ 63%]  (Sampling) 
Chain 1 Iteration: 21400 / 33500 [ 63%]  (Sampling) 
Chain 3 Iteration: 23300 / 33500 [ 69%]  (Sampling) 
Chain 4 Iteration: 22200 / 33500 [ 66%]  (Sampling) 
Chain 1 Iteration: 21500 / 33500 [ 64%]  (Sampling) 
Chain 2 Iteration: 21300 / 33500 [ 63%]  (Sampling) 
Chain 3 Iteration: 23400 / 33500 [ 69%]  (Sampling) 
Chain 4 Iteration: 22300 / 33500 [ 66%]  (Sampling) 
Chain 1 Iteration: 21600 / 33500 [ 64%]  (Sampling) 
Chain 3 Iteration: 23500 / 33500 [ 70%]  (Sampling) 
Chain 2 Iteration: 21400 / 33500 [ 63%]  (Sampling) 
Chain 4 Iteration: 22400 / 33500 [ 66%]  (Sampling) 
Chain 1 Iteration: 21700 / 33500 [ 64%]  (Sampling) 
Chain 3 Iteration: 23600 / 33500 [ 70%]  (Sampling) 
Chain 2 Iteration: 21500 / 33500 [ 64%]  (Sampling) 
Chain 4 Iteration: 22500 / 33500 [ 67%]  (Sampling) 
Chain 1 Iteration: 21800 / 33500 [ 65%]  (Sampling) 
Chain 3 Iteration: 23700 / 33500 [ 70%]  (Sampling) 
Chain 2 Iteration: 21600 / 33500 [ 64%]  (Sampling) 
Chain 1 Iteration: 21900 / 33500 [ 65%]  (Sampling) 
Chain 4 Iteration: 22600 / 33500 [ 67%]  (Sampling) 
Chain 3 Iteration: 23800 / 33500 [ 71%]  (Sampling) 
Chain 1 Iteration: 22000 / 33500 [ 65%]  (Sampling) 
Chain 2 Iteration: 21700 / 33500 [ 64%]  (Sampling) 
Chain 4 Iteration: 22700 / 33500 [ 67%]  (Sampling) 
Chain 3 Iteration: 23900 / 33500 [ 71%]  (Sampling) 
Chain 1 Iteration: 22100 / 33500 [ 65%]  (Sampling) 
Chain 4 Iteration: 22800 / 33500 [ 68%]  (Sampling) 
Chain 3 Iteration: 24000 / 33500 [ 71%]  (Sampling) 
Chain 2 Iteration: 21800 / 33500 [ 65%]  (Sampling) 
Chain 1 Iteration: 22200 / 33500 [ 66%]  (Sampling) 
Chain 4 Iteration: 22900 / 33500 [ 68%]  (Sampling) 
Chain 3 Iteration: 24100 / 33500 [ 71%]  (Sampling) 
Chain 2 Iteration: 21900 / 33500 [ 65%]  (Sampling) 
Chain 1 Iteration: 22300 / 33500 [ 66%]  (Sampling) 
Chain 4 Iteration: 23000 / 33500 [ 68%]  (Sampling) 
Chain 3 Iteration: 24200 / 33500 [ 72%]  (Sampling) 
Chain 2 Iteration: 22000 / 33500 [ 65%]  (Sampling) 
Chain 4 Iteration: 23100 / 33500 [ 68%]  (Sampling) 
Chain 1 Iteration: 22400 / 33500 [ 66%]  (Sampling) 
Chain 3 Iteration: 24300 / 33500 [ 72%]  (Sampling) 
Chain 2 Iteration: 22100 / 33500 [ 65%]  (Sampling) 
Chain 4 Iteration: 23200 / 33500 [ 69%]  (Sampling) 
Chain 3 Iteration: 24400 / 33500 [ 72%]  (Sampling) 
Chain 1 Iteration: 22500 / 33500 [ 67%]  (Sampling) 
Chain 2 Iteration: 22200 / 33500 [ 66%]  (Sampling) 
Chain 4 Iteration: 23300 / 33500 [ 69%]  (Sampling) 
Chain 3 Iteration: 24500 / 33500 [ 73%]  (Sampling) 
Chain 2 Iteration: 22300 / 33500 [ 66%]  (Sampling) 
Chain 1 Iteration: 22600 / 33500 [ 67%]  (Sampling) 
Chain 4 Iteration: 23400 / 33500 [ 69%]  (Sampling) 
Chain 3 Iteration: 24600 / 33500 [ 73%]  (Sampling) 
Chain 2 Iteration: 22400 / 33500 [ 66%]  (Sampling) 
Chain 1 Iteration: 22700 / 33500 [ 67%]  (Sampling) 
Chain 4 Iteration: 23500 / 33500 [ 70%]  (Sampling) 
Chain 3 Iteration: 24700 / 33500 [ 73%]  (Sampling) 
Chain 2 Iteration: 22500 / 33500 [ 67%]  (Sampling) 
Chain 1 Iteration: 22800 / 33500 [ 68%]  (Sampling) 
Chain 4 Iteration: 23600 / 33500 [ 70%]  (Sampling) 
Chain 3 Iteration: 24800 / 33500 [ 74%]  (Sampling) 
Chain 1 Iteration: 22900 / 33500 [ 68%]  (Sampling) 
Chain 2 Iteration: 22600 / 33500 [ 67%]  (Sampling) 
Chain 4 Iteration: 23700 / 33500 [ 70%]  (Sampling) 
Chain 3 Iteration: 24900 / 33500 [ 74%]  (Sampling) 
Chain 1 Iteration: 23000 / 33500 [ 68%]  (Sampling) 
Chain 4 Iteration: 23800 / 33500 [ 71%]  (Sampling) 
Chain 2 Iteration: 22700 / 33500 [ 67%]  (Sampling) 
Chain 3 Iteration: 25000 / 33500 [ 74%]  (Sampling) 
Chain 1 Iteration: 23100 / 33500 [ 68%]  (Sampling) 
Chain 4 Iteration: 23900 / 33500 [ 71%]  (Sampling) 
Chain 2 Iteration: 22800 / 33500 [ 68%]  (Sampling) 
Chain 3 Iteration: 25100 / 33500 [ 74%]  (Sampling) 
Chain 1 Iteration: 23200 / 33500 [ 69%]  (Sampling) 
Chain 4 Iteration: 24000 / 33500 [ 71%]  (Sampling) 
Chain 3 Iteration: 25200 / 33500 [ 75%]  (Sampling) 
Chain 2 Iteration: 22900 / 33500 [ 68%]  (Sampling) 
Chain 1 Iteration: 23300 / 33500 [ 69%]  (Sampling) 
Chain 4 Iteration: 24100 / 33500 [ 71%]  (Sampling) 
Chain 3 Iteration: 25300 / 33500 [ 75%]  (Sampling) 
Chain 2 Iteration: 23000 / 33500 [ 68%]  (Sampling) 
Chain 1 Iteration: 23400 / 33500 [ 69%]  (Sampling) 
Chain 4 Iteration: 24200 / 33500 [ 72%]  (Sampling) 
Chain 3 Iteration: 25400 / 33500 [ 75%]  (Sampling) 
Chain 2 Iteration: 23100 / 33500 [ 68%]  (Sampling) 
Chain 1 Iteration: 23500 / 33500 [ 70%]  (Sampling) 
Chain 3 Iteration: 25500 / 33500 [ 76%]  (Sampling) 
Chain 4 Iteration: 24300 / 33500 [ 72%]  (Sampling) 
Chain 2 Iteration: 23200 / 33500 [ 69%]  (Sampling) 
Chain 1 Iteration: 23600 / 33500 [ 70%]  (Sampling) 
Chain 3 Iteration: 25600 / 33500 [ 76%]  (Sampling) 
Chain 4 Iteration: 24400 / 33500 [ 72%]  (Sampling) 
Chain 2 Iteration: 23300 / 33500 [ 69%]  (Sampling) 
Chain 1 Iteration: 23700 / 33500 [ 70%]  (Sampling) 
Chain 3 Iteration: 25700 / 33500 [ 76%]  (Sampling) 
Chain 4 Iteration: 24500 / 33500 [ 73%]  (Sampling) 
Chain 2 Iteration: 23400 / 33500 [ 69%]  (Sampling) 
Chain 1 Iteration: 23800 / 33500 [ 71%]  (Sampling) 
Chain 3 Iteration: 25800 / 33500 [ 77%]  (Sampling) 
Chain 4 Iteration: 24600 / 33500 [ 73%]  (Sampling) 
Chain 2 Iteration: 23500 / 33500 [ 70%]  (Sampling) 
Chain 1 Iteration: 23900 / 33500 [ 71%]  (Sampling) 
Chain 3 Iteration: 25900 / 33500 [ 77%]  (Sampling) 
Chain 4 Iteration: 24700 / 33500 [ 73%]  (Sampling) 
Chain 2 Iteration: 23600 / 33500 [ 70%]  (Sampling) 
Chain 3 Iteration: 26000 / 33500 [ 77%]  (Sampling) 
Chain 1 Iteration: 24000 / 33500 [ 71%]  (Sampling) 
Chain 4 Iteration: 24800 / 33500 [ 74%]  (Sampling) 
Chain 2 Iteration: 23700 / 33500 [ 70%]  (Sampling) 
Chain 3 Iteration: 26100 / 33500 [ 77%]  (Sampling) 
Chain 4 Iteration: 24900 / 33500 [ 74%]  (Sampling) 
Chain 1 Iteration: 24100 / 33500 [ 71%]  (Sampling) 
Chain 2 Iteration: 23800 / 33500 [ 71%]  (Sampling) 
Chain 3 Iteration: 26200 / 33500 [ 78%]  (Sampling) 
Chain 4 Iteration: 25000 / 33500 [ 74%]  (Sampling) 
Chain 1 Iteration: 24200 / 33500 [ 72%]  (Sampling) 
Chain 2 Iteration: 23900 / 33500 [ 71%]  (Sampling) 
Chain 3 Iteration: 26300 / 33500 [ 78%]  (Sampling) 
Chain 4 Iteration: 25100 / 33500 [ 74%]  (Sampling) 
Chain 1 Iteration: 24300 / 33500 [ 72%]  (Sampling) 
Chain 2 Iteration: 24000 / 33500 [ 71%]  (Sampling) 
Chain 3 Iteration: 26400 / 33500 [ 78%]  (Sampling) 
Chain 4 Iteration: 25200 / 33500 [ 75%]  (Sampling) 
Chain 1 Iteration: 24400 / 33500 [ 72%]  (Sampling) 
Chain 2 Iteration: 24100 / 33500 [ 71%]  (Sampling) 
Chain 3 Iteration: 26500 / 33500 [ 79%]  (Sampling) 
Chain 4 Iteration: 25300 / 33500 [ 75%]  (Sampling) 
Chain 1 Iteration: 24500 / 33500 [ 73%]  (Sampling) 
Chain 2 Iteration: 24200 / 33500 [ 72%]  (Sampling) 
Chain 3 Iteration: 26600 / 33500 [ 79%]  (Sampling) 
Chain 4 Iteration: 25400 / 33500 [ 75%]  (Sampling) 
Chain 1 Iteration: 24600 / 33500 [ 73%]  (Sampling) 
Chain 2 Iteration: 24300 / 33500 [ 72%]  (Sampling) 
Chain 3 Iteration: 26700 / 33500 [ 79%]  (Sampling) 
Chain 4 Iteration: 25500 / 33500 [ 76%]  (Sampling) 
Chain 1 Iteration: 24700 / 33500 [ 73%]  (Sampling) 
Chain 2 Iteration: 24400 / 33500 [ 72%]  (Sampling) 
Chain 3 Iteration: 26800 / 33500 [ 80%]  (Sampling) 
Chain 4 Iteration: 25600 / 33500 [ 76%]  (Sampling) 
Chain 2 Iteration: 24500 / 33500 [ 73%]  (Sampling) 
Chain 1 Iteration: 24800 / 33500 [ 74%]  (Sampling) 
Chain 3 Iteration: 26900 / 33500 [ 80%]  (Sampling) 
Chain 4 Iteration: 25700 / 33500 [ 76%]  (Sampling) 
Chain 2 Iteration: 24600 / 33500 [ 73%]  (Sampling) 
Chain 1 Iteration: 24900 / 33500 [ 74%]  (Sampling) 
Chain 3 Iteration: 27000 / 33500 [ 80%]  (Sampling) 
Chain 4 Iteration: 25800 / 33500 [ 77%]  (Sampling) 
Chain 1 Iteration: 25000 / 33500 [ 74%]  (Sampling) 
Chain 2 Iteration: 24700 / 33500 [ 73%]  (Sampling) 
Chain 3 Iteration: 27100 / 33500 [ 80%]  (Sampling) 
Chain 4 Iteration: 25900 / 33500 [ 77%]  (Sampling) 
Chain 1 Iteration: 25100 / 33500 [ 74%]  (Sampling) 
Chain 3 Iteration: 27200 / 33500 [ 81%]  (Sampling) 
Chain 2 Iteration: 24800 / 33500 [ 74%]  (Sampling) 
Chain 4 Iteration: 26000 / 33500 [ 77%]  (Sampling) 
Chain 1 Iteration: 25200 / 33500 [ 75%]  (Sampling) 
Chain 3 Iteration: 27300 / 33500 [ 81%]  (Sampling) 
Chain 2 Iteration: 24900 / 33500 [ 74%]  (Sampling) 
Chain 4 Iteration: 26100 / 33500 [ 77%]  (Sampling) 
Chain 3 Iteration: 27400 / 33500 [ 81%]  (Sampling) 
Chain 1 Iteration: 25300 / 33500 [ 75%]  (Sampling) 
Chain 2 Iteration: 25000 / 33500 [ 74%]  (Sampling) 
Chain 4 Iteration: 26200 / 33500 [ 78%]  (Sampling) 
Chain 3 Iteration: 27500 / 33500 [ 82%]  (Sampling) 
Chain 2 Iteration: 25100 / 33500 [ 74%]  (Sampling) 
Chain 1 Iteration: 25400 / 33500 [ 75%]  (Sampling) 
Chain 4 Iteration: 26300 / 33500 [ 78%]  (Sampling) 
Chain 3 Iteration: 27600 / 33500 [ 82%]  (Sampling) 
Chain 2 Iteration: 25200 / 33500 [ 75%]  (Sampling) 
Chain 1 Iteration: 25500 / 33500 [ 76%]  (Sampling) 
Chain 4 Iteration: 26400 / 33500 [ 78%]  (Sampling) 
Chain 3 Iteration: 27700 / 33500 [ 82%]  (Sampling) 
Chain 2 Iteration: 25300 / 33500 [ 75%]  (Sampling) 
Chain 1 Iteration: 25600 / 33500 [ 76%]  (Sampling) 
Chain 4 Iteration: 26500 / 33500 [ 79%]  (Sampling) 
Chain 3 Iteration: 27800 / 33500 [ 82%]  (Sampling) 
Chain 2 Iteration: 25400 / 33500 [ 75%]  (Sampling) 
Chain 1 Iteration: 25700 / 33500 [ 76%]  (Sampling) 
Chain 4 Iteration: 26600 / 33500 [ 79%]  (Sampling) 
Chain 3 Iteration: 27900 / 33500 [ 83%]  (Sampling) 
Chain 2 Iteration: 25500 / 33500 [ 76%]  (Sampling) 
Chain 4 Iteration: 26700 / 33500 [ 79%]  (Sampling) 
Chain 1 Iteration: 25800 / 33500 [ 77%]  (Sampling) 
Chain 3 Iteration: 28000 / 33500 [ 83%]  (Sampling) 
Chain 2 Iteration: 25600 / 33500 [ 76%]  (Sampling) 
Chain 4 Iteration: 26800 / 33500 [ 80%]  (Sampling) 
Chain 1 Iteration: 25900 / 33500 [ 77%]  (Sampling) 
Chain 3 Iteration: 28100 / 33500 [ 83%]  (Sampling) 
Chain 2 Iteration: 25700 / 33500 [ 76%]  (Sampling) 
Chain 4 Iteration: 26900 / 33500 [ 80%]  (Sampling) 
Chain 1 Iteration: 26000 / 33500 [ 77%]  (Sampling) 
Chain 3 Iteration: 28200 / 33500 [ 84%]  (Sampling) 
Chain 2 Iteration: 25800 / 33500 [ 77%]  (Sampling) 
Chain 4 Iteration: 27000 / 33500 [ 80%]  (Sampling) 
Chain 1 Iteration: 26100 / 33500 [ 77%]  (Sampling) 
Chain 3 Iteration: 28300 / 33500 [ 84%]  (Sampling) 
Chain 2 Iteration: 25900 / 33500 [ 77%]  (Sampling) 
Chain 4 Iteration: 27100 / 33500 [ 80%]  (Sampling) 
Chain 1 Iteration: 26200 / 33500 [ 78%]  (Sampling) 
Chain 3 Iteration: 28400 / 33500 [ 84%]  (Sampling) 
Chain 2 Iteration: 26000 / 33500 [ 77%]  (Sampling) 
Chain 4 Iteration: 27200 / 33500 [ 81%]  (Sampling) 
Chain 1 Iteration: 26300 / 33500 [ 78%]  (Sampling) 
Chain 3 Iteration: 28500 / 33500 [ 85%]  (Sampling) 
Chain 2 Iteration: 26100 / 33500 [ 77%]  (Sampling) 
Chain 4 Iteration: 27300 / 33500 [ 81%]  (Sampling) 
Chain 3 Iteration: 28600 / 33500 [ 85%]  (Sampling) 
Chain 1 Iteration: 26400 / 33500 [ 78%]  (Sampling) 
Chain 2 Iteration: 26200 / 33500 [ 78%]  (Sampling) 
Chain 4 Iteration: 27400 / 33500 [ 81%]  (Sampling) 
Chain 3 Iteration: 28700 / 33500 [ 85%]  (Sampling) 
Chain 1 Iteration: 26500 / 33500 [ 79%]  (Sampling) 
Chain 2 Iteration: 26300 / 33500 [ 78%]  (Sampling) 
Chain 4 Iteration: 27500 / 33500 [ 82%]  (Sampling) 
Chain 3 Iteration: 28800 / 33500 [ 85%]  (Sampling) 
Chain 1 Iteration: 26600 / 33500 [ 79%]  (Sampling) 
Chain 3 Iteration: 28900 / 33500 [ 86%]  (Sampling) 
Chain 2 Iteration: 26400 / 33500 [ 78%]  (Sampling) 
Chain 1 Iteration: 26700 / 33500 [ 79%]  (Sampling) 
Chain 4 Iteration: 27600 / 33500 [ 82%]  (Sampling) 
Chain 3 Iteration: 29000 / 33500 [ 86%]  (Sampling) 
Chain 2 Iteration: 26500 / 33500 [ 79%]  (Sampling) 
Chain 1 Iteration: 26800 / 33500 [ 80%]  (Sampling) 
Chain 4 Iteration: 27700 / 33500 [ 82%]  (Sampling) 
Chain 3 Iteration: 29100 / 33500 [ 86%]  (Sampling) 
Chain 2 Iteration: 26600 / 33500 [ 79%]  (Sampling) 
Chain 4 Iteration: 27800 / 33500 [ 82%]  (Sampling) 
Chain 1 Iteration: 26900 / 33500 [ 80%]  (Sampling) 
Chain 3 Iteration: 29200 / 33500 [ 87%]  (Sampling) 
Chain 2 Iteration: 26700 / 33500 [ 79%]  (Sampling) 
Chain 4 Iteration: 27900 / 33500 [ 83%]  (Sampling) 
Chain 1 Iteration: 27000 / 33500 [ 80%]  (Sampling) 
Chain 3 Iteration: 29300 / 33500 [ 87%]  (Sampling) 
Chain 2 Iteration: 26800 / 33500 [ 80%]  (Sampling) 
Chain 4 Iteration: 28000 / 33500 [ 83%]  (Sampling) 
Chain 1 Iteration: 27100 / 33500 [ 80%]  (Sampling) 
Chain 3 Iteration: 29400 / 33500 [ 87%]  (Sampling) 
Chain 2 Iteration: 26900 / 33500 [ 80%]  (Sampling) 
Chain 4 Iteration: 28100 / 33500 [ 83%]  (Sampling) 
Chain 2 Iteration: 27000 / 33500 [ 80%]  (Sampling) 
Chain 3 Iteration: 29500 / 33500 [ 88%]  (Sampling) 
Chain 1 Iteration: 27200 / 33500 [ 81%]  (Sampling) 
Chain 4 Iteration: 28200 / 33500 [ 84%]  (Sampling) 
Chain 2 Iteration: 27100 / 33500 [ 80%]  (Sampling) 
Chain 3 Iteration: 29600 / 33500 [ 88%]  (Sampling) 
Chain 1 Iteration: 27300 / 33500 [ 81%]  (Sampling) 
Chain 4 Iteration: 28300 / 33500 [ 84%]  (Sampling) 
Chain 2 Iteration: 27200 / 33500 [ 81%]  (Sampling) 
Chain 3 Iteration: 29700 / 33500 [ 88%]  (Sampling) 
Chain 4 Iteration: 28400 / 33500 [ 84%]  (Sampling) 
Chain 1 Iteration: 27400 / 33500 [ 81%]  (Sampling) 
Chain 2 Iteration: 27300 / 33500 [ 81%]  (Sampling) 
Chain 3 Iteration: 29800 / 33500 [ 88%]  (Sampling) 
Chain 4 Iteration: 28500 / 33500 [ 85%]  (Sampling) 
Chain 1 Iteration: 27500 / 33500 [ 82%]  (Sampling) 
Chain 2 Iteration: 27400 / 33500 [ 81%]  (Sampling) 
Chain 4 Iteration: 28600 / 33500 [ 85%]  (Sampling) 
Chain 3 Iteration: 29900 / 33500 [ 89%]  (Sampling) 
Chain 2 Iteration: 27500 / 33500 [ 82%]  (Sampling) 
Chain 1 Iteration: 27600 / 33500 [ 82%]  (Sampling) 
Chain 4 Iteration: 28700 / 33500 [ 85%]  (Sampling) 
Chain 2 Iteration: 27600 / 33500 [ 82%]  (Sampling) 
Chain 3 Iteration: 30000 / 33500 [ 89%]  (Sampling) 
Chain 1 Iteration: 27700 / 33500 [ 82%]  (Sampling) 
Chain 4 Iteration: 28800 / 33500 [ 85%]  (Sampling) 
Chain 2 Iteration: 27700 / 33500 [ 82%]  (Sampling) 
Chain 3 Iteration: 30100 / 33500 [ 89%]  (Sampling) 
Chain 1 Iteration: 27800 / 33500 [ 82%]  (Sampling) 
Chain 4 Iteration: 28900 / 33500 [ 86%]  (Sampling) 
Chain 2 Iteration: 27800 / 33500 [ 82%]  (Sampling) 
Chain 1 Iteration: 27900 / 33500 [ 83%]  (Sampling) 
Chain 3 Iteration: 30200 / 33500 [ 90%]  (Sampling) 
Chain 4 Iteration: 29000 / 33500 [ 86%]  (Sampling) 
Chain 1 Iteration: 28000 / 33500 [ 83%]  (Sampling) 
Chain 2 Iteration: 27900 / 33500 [ 83%]  (Sampling) 
Chain 4 Iteration: 29100 / 33500 [ 86%]  (Sampling) 
Chain 3 Iteration: 30300 / 33500 [ 90%]  (Sampling) 
Chain 1 Iteration: 28100 / 33500 [ 83%]  (Sampling) 
Chain 2 Iteration: 28000 / 33500 [ 83%]  (Sampling) 
Chain 4 Iteration: 29200 / 33500 [ 87%]  (Sampling) 
Chain 3 Iteration: 30400 / 33500 [ 90%]  (Sampling) 
Chain 1 Iteration: 28200 / 33500 [ 84%]  (Sampling) 
Chain 4 Iteration: 29300 / 33500 [ 87%]  (Sampling) 
Chain 2 Iteration: 28100 / 33500 [ 83%]  (Sampling) 
Chain 3 Iteration: 30500 / 33500 [ 91%]  (Sampling) 
Chain 1 Iteration: 28300 / 33500 [ 84%]  (Sampling) 
Chain 4 Iteration: 29400 / 33500 [ 87%]  (Sampling) 
Chain 2 Iteration: 28200 / 33500 [ 84%]  (Sampling) 
Chain 1 Iteration: 28400 / 33500 [ 84%]  (Sampling) 
Chain 3 Iteration: 30600 / 33500 [ 91%]  (Sampling) 
Chain 4 Iteration: 29500 / 33500 [ 88%]  (Sampling) 
Chain 2 Iteration: 28300 / 33500 [ 84%]  (Sampling) 
Chain 1 Iteration: 28500 / 33500 [ 85%]  (Sampling) 
Chain 3 Iteration: 30700 / 33500 [ 91%]  (Sampling) 
Chain 4 Iteration: 29600 / 33500 [ 88%]  (Sampling) 
Chain 2 Iteration: 28400 / 33500 [ 84%]  (Sampling) 
Chain 1 Iteration: 28600 / 33500 [ 85%]  (Sampling) 
Chain 3 Iteration: 30800 / 33500 [ 91%]  (Sampling) 
Chain 4 Iteration: 29700 / 33500 [ 88%]  (Sampling) 
Chain 1 Iteration: 28700 / 33500 [ 85%]  (Sampling) 
Chain 3 Iteration: 30900 / 33500 [ 92%]  (Sampling) 
Chain 2 Iteration: 28500 / 33500 [ 85%]  (Sampling) 
Chain 4 Iteration: 29800 / 33500 [ 88%]  (Sampling) 
Chain 1 Iteration: 28800 / 33500 [ 85%]  (Sampling) 
Chain 3 Iteration: 31000 / 33500 [ 92%]  (Sampling) 
Chain 4 Iteration: 29900 / 33500 [ 89%]  (Sampling) 
Chain 2 Iteration: 28600 / 33500 [ 85%]  (Sampling) 
Chain 1 Iteration: 28900 / 33500 [ 86%]  (Sampling) 
Chain 3 Iteration: 31100 / 33500 [ 92%]  (Sampling) 
Chain 4 Iteration: 30000 / 33500 [ 89%]  (Sampling) 
Chain 2 Iteration: 28700 / 33500 [ 85%]  (Sampling) 
Chain 1 Iteration: 29000 / 33500 [ 86%]  (Sampling) 
Chain 3 Iteration: 31200 / 33500 [ 93%]  (Sampling) 
Chain 4 Iteration: 30100 / 33500 [ 89%]  (Sampling) 
Chain 2 Iteration: 28800 / 33500 [ 85%]  (Sampling) 
Chain 1 Iteration: 29100 / 33500 [ 86%]  (Sampling) 
Chain 3 Iteration: 31300 / 33500 [ 93%]  (Sampling) 
Chain 4 Iteration: 30200 / 33500 [ 90%]  (Sampling) 
Chain 1 Iteration: 29200 / 33500 [ 87%]  (Sampling) 
Chain 3 Iteration: 31400 / 33500 [ 93%]  (Sampling) 
Chain 2 Iteration: 28900 / 33500 [ 86%]  (Sampling) 
Chain 4 Iteration: 30300 / 33500 [ 90%]  (Sampling) 
Chain 1 Iteration: 29300 / 33500 [ 87%]  (Sampling) 
Chain 3 Iteration: 31500 / 33500 [ 94%]  (Sampling) 
Chain 2 Iteration: 29000 / 33500 [ 86%]  (Sampling) 
Chain 4 Iteration: 30400 / 33500 [ 90%]  (Sampling) 
Chain 1 Iteration: 29400 / 33500 [ 87%]  (Sampling) 
Chain 3 Iteration: 31600 / 33500 [ 94%]  (Sampling) 
Chain 2 Iteration: 29100 / 33500 [ 86%]  (Sampling) 
Chain 4 Iteration: 30500 / 33500 [ 91%]  (Sampling) 
Chain 1 Iteration: 29500 / 33500 [ 88%]  (Sampling) 
Chain 3 Iteration: 31700 / 33500 [ 94%]  (Sampling) 
Chain 2 Iteration: 29200 / 33500 [ 87%]  (Sampling) 
Chain 4 Iteration: 30600 / 33500 [ 91%]  (Sampling) 
Chain 1 Iteration: 29600 / 33500 [ 88%]  (Sampling) 
Chain 3 Iteration: 31800 / 33500 [ 94%]  (Sampling) 
Chain 2 Iteration: 29300 / 33500 [ 87%]  (Sampling) 
Chain 4 Iteration: 30700 / 33500 [ 91%]  (Sampling) 
Chain 1 Iteration: 29700 / 33500 [ 88%]  (Sampling) 
Chain 3 Iteration: 31900 / 33500 [ 95%]  (Sampling) 
Chain 2 Iteration: 29400 / 33500 [ 87%]  (Sampling) 
Chain 1 Iteration: 29800 / 33500 [ 88%]  (Sampling) 
Chain 4 Iteration: 30800 / 33500 [ 91%]  (Sampling) 
Chain 3 Iteration: 32000 / 33500 [ 95%]  (Sampling) 
Chain 2 Iteration: 29500 / 33500 [ 88%]  (Sampling) 
Chain 1 Iteration: 29900 / 33500 [ 89%]  (Sampling) 
Chain 4 Iteration: 30900 / 33500 [ 92%]  (Sampling) 
Chain 3 Iteration: 32100 / 33500 [ 95%]  (Sampling) 
Chain 2 Iteration: 29600 / 33500 [ 88%]  (Sampling) 
Chain 1 Iteration: 30000 / 33500 [ 89%]  (Sampling) 
Chain 4 Iteration: 31000 / 33500 [ 92%]  (Sampling) 
Chain 3 Iteration: 32200 / 33500 [ 96%]  (Sampling) 
Chain 2 Iteration: 29700 / 33500 [ 88%]  (Sampling) 
Chain 1 Iteration: 30100 / 33500 [ 89%]  (Sampling) 
Chain 4 Iteration: 31100 / 33500 [ 92%]  (Sampling) 
Chain 3 Iteration: 32300 / 33500 [ 96%]  (Sampling) 
Chain 2 Iteration: 29800 / 33500 [ 88%]  (Sampling) 
Chain 1 Iteration: 30200 / 33500 [ 90%]  (Sampling) 
Chain 3 Iteration: 32400 / 33500 [ 96%]  (Sampling) 
Chain 4 Iteration: 31200 / 33500 [ 93%]  (Sampling) 
Chain 2 Iteration: 29900 / 33500 [ 89%]  (Sampling) 
Chain 1 Iteration: 30300 / 33500 [ 90%]  (Sampling) 
Chain 3 Iteration: 32500 / 33500 [ 97%]  (Sampling) 
Chain 2 Iteration: 30000 / 33500 [ 89%]  (Sampling) 
Chain 4 Iteration: 31300 / 33500 [ 93%]  (Sampling) 
Chain 1 Iteration: 30400 / 33500 [ 90%]  (Sampling) 
Chain 3 Iteration: 32600 / 33500 [ 97%]  (Sampling) 
Chain 2 Iteration: 30100 / 33500 [ 89%]  (Sampling) 
Chain 4 Iteration: 31400 / 33500 [ 93%]  (Sampling) 
Chain 1 Iteration: 30500 / 33500 [ 91%]  (Sampling) 
Chain 3 Iteration: 32700 / 33500 [ 97%]  (Sampling) 
Chain 2 Iteration: 30200 / 33500 [ 90%]  (Sampling) 
Chain 4 Iteration: 31500 / 33500 [ 94%]  (Sampling) 
Chain 1 Iteration: 30600 / 33500 [ 91%]  (Sampling) 
Chain 3 Iteration: 32800 / 33500 [ 97%]  (Sampling) 
Chain 2 Iteration: 30300 / 33500 [ 90%]  (Sampling) 
Chain 4 Iteration: 31600 / 33500 [ 94%]  (Sampling) 
Chain 1 Iteration: 30700 / 33500 [ 91%]  (Sampling) 
Chain 3 Iteration: 32900 / 33500 [ 98%]  (Sampling) 
Chain 4 Iteration: 31700 / 33500 [ 94%]  (Sampling) 
Chain 2 Iteration: 30400 / 33500 [ 90%]  (Sampling) 
Chain 1 Iteration: 30800 / 33500 [ 91%]  (Sampling) 
Chain 3 Iteration: 33000 / 33500 [ 98%]  (Sampling) 
Chain 4 Iteration: 31800 / 33500 [ 94%]  (Sampling) 
Chain 1 Iteration: 30900 / 33500 [ 92%]  (Sampling) 
Chain 2 Iteration: 30500 / 33500 [ 91%]  (Sampling) 
Chain 3 Iteration: 33100 / 33500 [ 98%]  (Sampling) 
Chain 4 Iteration: 31900 / 33500 [ 95%]  (Sampling) 
Chain 1 Iteration: 31000 / 33500 [ 92%]  (Sampling) 
Chain 2 Iteration: 30600 / 33500 [ 91%]  (Sampling) 
Chain 3 Iteration: 33200 / 33500 [ 99%]  (Sampling) 
Chain 4 Iteration: 32000 / 33500 [ 95%]  (Sampling) 
Chain 1 Iteration: 31100 / 33500 [ 92%]  (Sampling) 
Chain 3 Iteration: 33300 / 33500 [ 99%]  (Sampling) 
Chain 2 Iteration: 30700 / 33500 [ 91%]  (Sampling) 
Chain 4 Iteration: 32100 / 33500 [ 95%]  (Sampling) 
Chain 1 Iteration: 31200 / 33500 [ 93%]  (Sampling) 
Chain 3 Iteration: 33400 / 33500 [ 99%]  (Sampling) 
Chain 2 Iteration: 30800 / 33500 [ 91%]  (Sampling) 
Chain 4 Iteration: 32200 / 33500 [ 96%]  (Sampling) 
Chain 1 Iteration: 31300 / 33500 [ 93%]  (Sampling) 
Chain 3 Iteration: 33500 / 33500 [100%]  (Sampling) 
Chain 3 finished in 37691.7 seconds.
Chain 2 Iteration: 30900 / 33500 [ 92%]  (Sampling) 
Chain 4 Iteration: 32300 / 33500 [ 96%]  (Sampling) 
Chain 1 Iteration: 31400 / 33500 [ 93%]  (Sampling) 
Chain 2 Iteration: 31000 / 33500 [ 92%]  (Sampling) 
Chain 4 Iteration: 32400 / 33500 [ 96%]  (Sampling) 
Chain 1 Iteration: 31500 / 33500 [ 94%]  (Sampling) 
Chain 2 Iteration: 31100 / 33500 [ 92%]  (Sampling) 
Chain 4 Iteration: 32500 / 33500 [ 97%]  (Sampling) 
Chain 1 Iteration: 31600 / 33500 [ 94%]  (Sampling) 
Chain 2 Iteration: 31200 / 33500 [ 93%]  (Sampling) 
Chain 4 Iteration: 32600 / 33500 [ 97%]  (Sampling) 
Chain 1 Iteration: 31700 / 33500 [ 94%]  (Sampling) 
Chain 4 Iteration: 32700 / 33500 [ 97%]  (Sampling) 
Chain 1 Iteration: 31800 / 33500 [ 94%]  (Sampling) 
Chain 2 Iteration: 31300 / 33500 [ 93%]  (Sampling) 
Chain 4 Iteration: 32800 / 33500 [ 97%]  (Sampling) 
Chain 1 Iteration: 31900 / 33500 [ 95%]  (Sampling) 
Chain 2 Iteration: 31400 / 33500 [ 93%]  (Sampling) 
Chain 4 Iteration: 32900 / 33500 [ 98%]  (Sampling) 
Chain 1 Iteration: 32000 / 33500 [ 95%]  (Sampling) 
Chain 2 Iteration: 31500 / 33500 [ 94%]  (Sampling) 
Chain 4 Iteration: 33000 / 33500 [ 98%]  (Sampling) 
Chain 1 Iteration: 32100 / 33500 [ 95%]  (Sampling) 
Chain 2 Iteration: 31600 / 33500 [ 94%]  (Sampling) 
Chain 4 Iteration: 33100 / 33500 [ 98%]  (Sampling) 
Chain 1 Iteration: 32200 / 33500 [ 96%]  (Sampling) 
Chain 4 Iteration: 33200 / 33500 [ 99%]  (Sampling) 
Chain 2 Iteration: 31700 / 33500 [ 94%]  (Sampling) 
Chain 1 Iteration: 32300 / 33500 [ 96%]  (Sampling) 
Chain 4 Iteration: 33300 / 33500 [ 99%]  (Sampling) 
Chain 1 Iteration: 32400 / 33500 [ 96%]  (Sampling) 
Chain 2 Iteration: 31800 / 33500 [ 94%]  (Sampling) 
Chain 4 Iteration: 33400 / 33500 [ 99%]  (Sampling) 
Chain 1 Iteration: 32500 / 33500 [ 97%]  (Sampling) 
Chain 2 Iteration: 31900 / 33500 [ 95%]  (Sampling) 
Chain 4 Iteration: 33500 / 33500 [100%]  (Sampling) 
Chain 4 finished in 39223.2 seconds.
Chain 1 Iteration: 32600 / 33500 [ 97%]  (Sampling) 
Chain 2 Iteration: 32000 / 33500 [ 95%]  (Sampling) 
Chain 1 Iteration: 32700 / 33500 [ 97%]  (Sampling) 
Chain 2 Iteration: 32100 / 33500 [ 95%]  (Sampling) 
Chain 1 Iteration: 32800 / 33500 [ 97%]  (Sampling) 
Chain 2 Iteration: 32200 / 33500 [ 96%]  (Sampling) 
Chain 1 Iteration: 32900 / 33500 [ 98%]  (Sampling) 
Chain 2 Iteration: 32300 / 33500 [ 96%]  (Sampling) 
Chain 1 Iteration: 33000 / 33500 [ 98%]  (Sampling) 
Chain 2 Iteration: 32400 / 33500 [ 96%]  (Sampling) 
Chain 1 Iteration: 33100 / 33500 [ 98%]  (Sampling) 
Chain 2 Iteration: 32500 / 33500 [ 97%]  (Sampling) 
Chain 1 Iteration: 33200 / 33500 [ 99%]  (Sampling) 
Chain 2 Iteration: 32600 / 33500 [ 97%]  (Sampling) 
Chain 1 Iteration: 33300 / 33500 [ 99%]  (Sampling) 
Chain 2 Iteration: 32700 / 33500 [ 97%]  (Sampling) 
Chain 1 Iteration: 33400 / 33500 [ 99%]  (Sampling) 
Chain 2 Iteration: 32800 / 33500 [ 97%]  (Sampling) 
Chain 1 Iteration: 33500 / 33500 [100%]  (Sampling) 
Chain 1 finished in 40354.1 seconds.
Chain 2 Iteration: 32900 / 33500 [ 98%]  (Sampling) 
Chain 2 Iteration: 33000 / 33500 [ 98%]  (Sampling) 
Chain 2 Iteration: 33100 / 33500 [ 98%]  (Sampling) 
Chain 2 Iteration: 33200 / 33500 [ 99%]  (Sampling) 
Chain 2 Iteration: 33300 / 33500 [ 99%]  (Sampling) 
Chain 2 Iteration: 33400 / 33500 [ 99%]  (Sampling) 
Chain 2 Iteration: 33500 / 33500 [100%]  (Sampling) 
Chain 2 finished in 41279.0 seconds.

All 4 chains finished successfully.
Mean chain execution time: 39637.0 seconds.
Total execution time: 41320.0 seconds.
